{"C:\\Users\\Özgür\\Source\\Repos\\xmlbuilder-js\\src\\Derivation.coffee":{"path":"C:\\Users\\Özgür\\Source\\Repos\\xmlbuilder-js\\src\\Derivation.coffee","s":{"1":0},"b":{},"f":{},"fnMap":{},"statementMap":{"1":{"start":{"line":1,"column":0},"end":{"line":5,"column":9}}},"branchMap":{}},"C:\\Users\\Özgür\\Source\\Repos\\xmlbuilder-js\\src\\DocumentPosition.coffee":{"path":"C:\\Users\\Özgür\\Source\\Repos\\xmlbuilder-js\\src\\DocumentPosition.coffee","s":{"1":1},"b":{},"f":{},"fnMap":{},"statementMap":{"1":{"start":{"line":1,"column":0},"end":{"line":7,"column":28}}},"branchMap":{},"contentHash":"6ce1aa098900d2757d46218ed210b02457a996c647b7c9a4245435de69ee89dd"},"C:\\Users\\Özgür\\Source\\Repos\\xmlbuilder-js\\src\\index.coffee":{"path":"C:\\Users\\Özgür\\Source\\Repos\\xmlbuilder-js\\src\\index.coffee","s":{"1":1,"2":1,"3":1,"4":1,"5":1,"6":1,"7":1,"8":1,"9":1,"10":270,"11":1,"12":269,"13":269,"14":269,"15":267,"16":187,"17":184,"18":5,"19":264,"20":1,"21":32,"22":25,"23":25,"24":32,"25":29,"26":3,"27":1,"28":13,"29":1,"30":7,"31":1,"32":1,"33":1},"b":{"1":[1,269],"2":[187,80],"3":[5,179],"4":[25,7],"5":[29,3]},"f":{"1":270,"2":32,"3":13,"4":7},"fnMap":{"1":{"name":"module","line":41,"loc":{"start":{"line":41,"column":24},"end":{"line":59,"column":12}},"decl":{"start":{"line":41,"column":0},"end":{"line":41,"column":58}}},"2":{"name":"module","line":85,"loc":{"start":{"line":85,"column":23},"end":{"line":93,"column":27}},"decl":{"start":{"line":85,"column":0},"end":{"line":85,"column":49}}},"3":{"name":"module","line":95,"loc":{"start":{"line":95,"column":30},"end":{"line":96,"column":29}},"decl":{"start":{"line":95,"column":0},"end":{"line":95,"column":41}}},"4":{"name":"module","line":98,"loc":{"start":{"line":98,"column":30},"end":{"line":99,"column":37}},"decl":{"start":{"line":98,"column":0},"end":{"line":98,"column":49}}}},"statementMap":{"1":{"start":{"line":1,"column":0},"end":{"line":1,"column":43}},"2":{"start":{"line":3,"column":0},"end":{"line":3,"column":54}},"3":{"start":{"line":4,"column":0},"end":{"line":4,"column":36}},"4":{"start":{"line":5,"column":0},"end":{"line":5,"column":40}},"5":{"start":{"line":6,"column":0},"end":{"line":6,"column":44}},"6":{"start":{"line":7,"column":0},"end":{"line":7,"column":44}},"7":{"start":{"line":9,"column":0},"end":{"line":9,"column":30}},"8":{"start":{"line":10,"column":0},"end":{"line":10,"column":36}},"9":{"start":{"line":41,"column":0},"end":{"line":59,"column":12}},"10":{"start":{"line":42,"column":2},"end":{"line":43,"column":47}},"11":{"start":{"line":43,"column":4},"end":{"line":43,"column":47}},"12":{"start":{"line":45,"column":2},"end":{"line":45,"column":47}},"13":{"start":{"line":48,"column":2},"end":{"line":48,"column":31}},"14":{"start":{"line":50,"column":2},"end":{"line":50,"column":24}},"15":{"start":{"line":53,"column":2},"end":{"line":57,"column":20}},"16":{"start":{"line":54,"column":4},"end":{"line":54,"column":26}},"17":{"start":{"line":56,"column":4},"end":{"line":57,"column":20}},"18":{"start":{"line":57,"column":6},"end":{"line":57,"column":20}},"19":{"start":{"line":59,"column":2},"end":{"line":59,"column":12}},"20":{"start":{"line":85,"column":0},"end":{"line":93,"column":27}},"21":{"start":{"line":86,"column":2},"end":{"line":88,"column":15}},"22":{"start":{"line":87,"column":4},"end":{"line":87,"column":38}},"23":{"start":{"line":88,"column":4},"end":{"line":88,"column":15}},"24":{"start":{"line":90,"column":2},"end":{"line":93,"column":27}},"25":{"start":{"line":91,"column":4},"end":{"line":91,"column":44}},"26":{"start":{"line":93,"column":4},"end":{"line":93,"column":27}},"27":{"start":{"line":95,"column":0},"end":{"line":96,"column":29}},"28":{"start":{"line":96,"column":2},"end":{"line":96,"column":29}},"29":{"start":{"line":98,"column":0},"end":{"line":99,"column":37}},"30":{"start":{"line":99,"column":2},"end":{"line":99,"column":37}},"31":{"start":{"line":101,"column":0},"end":{"line":101,"column":57}},"32":{"start":{"line":103,"column":0},"end":{"line":103,"column":33}},"33":{"start":{"line":104,"column":0},"end":{"line":104,"column":39}}},"branchMap":{"1":{"line":42,"loc":{"start":{"line":42,"column":2},"end":{"line":42,"column":2}},"type":"if","locations":[{"start":{"line":42,"column":2},"end":{"line":42,"column":2}},{"start":{"line":42,"column":2},"end":{"line":42,"column":2}}]},"2":{"line":53,"loc":{"start":{"line":53,"column":2},"end":{"line":53,"column":2}},"type":"if","locations":[{"start":{"line":53,"column":2},"end":{"line":53,"column":2}},{"start":{"line":53,"column":2},"end":{"line":53,"column":2}}]},"3":{"line":56,"loc":{"start":{"line":56,"column":4},"end":{"line":56,"column":4}},"type":"if","locations":[{"start":{"line":56,"column":4},"end":{"line":56,"column":4}},{"start":{"line":56,"column":4},"end":{"line":56,"column":4}}]},"4":{"line":86,"loc":{"start":{"line":86,"column":2},"end":{"line":86,"column":2}},"type":"if","locations":[{"start":{"line":86,"column":2},"end":{"line":86,"column":2}},{"start":{"line":86,"column":2},"end":{"line":86,"column":2}}]},"5":{"line":90,"loc":{"start":{"line":90,"column":2},"end":{"line":90,"column":2}},"type":"if","locations":[{"start":{"line":90,"column":2},"end":{"line":90,"column":2}},{"start":{"line":90,"column":2},"end":{"line":90,"column":2}}]}},"contentHash":"66aea3a469a07ecb037eb9a64b68523300fd33235421658890ad670b64a47c32"},"C:\\Users\\Özgür\\Source\\Repos\\xmlbuilder-js\\src\\NodeType.coffee":{"path":"C:\\Users\\Özgür\\Source\\Repos\\xmlbuilder-js\\src\\NodeType.coffee","s":{"1":1},"b":{},"f":{},"fnMap":{},"statementMap":{"1":{"start":{"line":1,"column":0},"end":{"line":20,"column":12}}},"branchMap":{},"contentHash":"a820341cdefa53b51d4145eb588b5d536786b4b93ff2f578475aa64c69a57e5e"},"C:\\Users\\Özgür\\Source\\Repos\\xmlbuilder-js\\src\\OperationType.coffee":{"path":"C:\\Users\\Özgür\\Source\\Repos\\xmlbuilder-js\\src\\OperationType.coffee","s":{"1":0},"b":{},"f":{},"fnMap":{},"statementMap":{"1":{"start":{"line":1,"column":0},"end":{"line":6,"column":12}}},"branchMap":{}},"C:\\Users\\Özgür\\Source\\Repos\\xmlbuilder-js\\src\\Utility.coffee":{"path":"C:\\Users\\Özgür\\Source\\Repos\\xmlbuilder-js\\src\\Utility.coffee","s":{"1":1,"2":586,"3":586,"4":0,"5":0,"6":0,"7":586,"8":1,"9":7408,"10":1,"11":5263,"12":1,"13":160,"14":160,"15":0,"16":1,"17":160,"18":47,"19":113,"20":107,"21":6,"22":1,"23":30,"24":30,"25":30,"26":30,"27":30,"28":10,"29":1,"30":4899,"31":4898,"32":1,"33":1,"34":1,"35":1,"36":1,"37":1,"38":1,"39":1},"b":{"1":[586,0],"2":[160,0],"3":[47,113],"4":[4898,1]},"f":{"1":586,"2":7408,"3":5263,"4":160,"5":160,"6":30,"7":4899},"fnMap":{"1":{"name":"assign","line":2,"loc":{"start":{"line":2,"column":9},"end":{"line":9,"column":14}},"decl":{"start":{"line":2,"column":0},"end":{"line":2,"column":31}}},"2":{"name":"isFunction","line":12,"loc":{"start":{"line":12,"column":13},"end":{"line":13,"column":69}},"decl":{"start":{"line":12,"column":0},"end":{"line":12,"column":20}}},"3":{"name":"isObject","line":16,"loc":{"start":{"line":16,"column":11},"end":{"line":17,"column":47}},"decl":{"start":{"line":16,"column":0},"end":{"line":16,"column":18}}},"4":{"name":"isArray","line":20,"loc":{"start":{"line":20,"column":10},"end":{"line":24,"column":58}},"decl":{"start":{"line":20,"column":0},"end":{"line":20,"column":17}}},"5":{"name":"isEmpty","line":27,"loc":{"start":{"line":27,"column":10},"end":{"line":33,"column":14}},"decl":{"start":{"line":27,"column":0},"end":{"line":27,"column":17}}},"6":{"name":"isPlainObject","line":36,"loc":{"start":{"line":36,"column":16},"end":{"line":42,"column":87}},"decl":{"start":{"line":36,"column":0},"end":{"line":36,"column":23}}},"7":{"name":"getValue","line":45,"loc":{"start":{"line":45,"column":11},"end":{"line":49,"column":6}},"decl":{"start":{"line":45,"column":0},"end":{"line":45,"column":18}}}},"statementMap":{"1":{"start":{"line":2,"column":0},"end":{"line":9,"column":14}},"2":{"start":{"line":3,"column":2},"end":{"line":7,"column":52}},"3":{"start":{"line":4,"column":4},"end":{"line":4,"column":38}},"4":{"start":{"line":6,"column":4},"end":{"line":7,"column":52}},"5":{"start":{"line":7,"column":6},"end":{"line":7,"column":52}},"6":{"start":{"line":7,"column":6},"end":{"line":7,"column":30}},"7":{"start":{"line":9,"column":2},"end":{"line":9,"column":14}},"8":{"start":{"line":12,"column":0},"end":{"line":13,"column":69}},"9":{"start":{"line":13,"column":2},"end":{"line":13,"column":69}},"10":{"start":{"line":16,"column":0},"end":{"line":17,"column":47}},"11":{"start":{"line":17,"column":2},"end":{"line":17,"column":47}},"12":{"start":{"line":20,"column":0},"end":{"line":24,"column":58}},"13":{"start":{"line":21,"column":2},"end":{"line":24,"column":58}},"14":{"start":{"line":22,"column":5},"end":{"line":22,"column":21}},"15":{"start":{"line":24,"column":4},"end":{"line":24,"column":58}},"16":{"start":{"line":27,"column":0},"end":{"line":33,"column":14}},"17":{"start":{"line":28,"column":2},"end":{"line":32,"column":17}},"18":{"start":{"line":29,"column":4},"end":{"line":29,"column":21}},"19":{"start":{"line":31,"column":4},"end":{"line":32,"column":17}},"20":{"start":{"line":32,"column":6},"end":{"line":32,"column":17}},"21":{"start":{"line":33,"column":4},"end":{"line":33,"column":14}},"22":{"start":{"line":36,"column":0},"end":{"line":42,"column":87}},"23":{"start":{"line":37,"column":2},"end":{"line":42,"column":87}},"24":{"start":{"line":38,"column":5},"end":{"line":38,"column":37}},"25":{"start":{"line":39,"column":5},"end":{"line":39,"column":28}},"26":{"start":{"line":40,"column":5},"end":{"line":40,"column":29}},"27":{"start":{"line":41,"column":5},"end":{"line":41,"column":24}},"28":{"start":{"line":42,"column":5},"end":{"line":42,"column":86}},"29":{"start":{"line":45,"column":0},"end":{"line":49,"column":6}},"30":{"start":{"line":46,"column":2},"end":{"line":49,"column":6}},"31":{"start":{"line":47,"column":4},"end":{"line":47,"column":16}},"32":{"start":{"line":49,"column":4},"end":{"line":49,"column":6}},"33":{"start":{"line":51,"column":0},"end":{"line":51,"column":29}},"34":{"start":{"line":52,"column":0},"end":{"line":52,"column":37}},"35":{"start":{"line":53,"column":0},"end":{"line":53,"column":33}},"36":{"start":{"line":54,"column":0},"end":{"line":54,"column":31}},"37":{"start":{"line":55,"column":0},"end":{"line":55,"column":31}},"38":{"start":{"line":56,"column":0},"end":{"line":56,"column":43}},"39":{"start":{"line":57,"column":0},"end":{"line":57,"column":33}}},"branchMap":{"1":{"line":3,"loc":{"start":{"line":3,"column":2},"end":{"line":3,"column":2}},"type":"if","locations":[{"start":{"line":3,"column":2},"end":{"line":3,"column":2}},{"start":{"line":3,"column":2},"end":{"line":3,"column":2}}]},"2":{"line":21,"loc":{"start":{"line":21,"column":2},"end":{"line":21,"column":2}},"type":"if","locations":[{"start":{"line":21,"column":2},"end":{"line":21,"column":2}},{"start":{"line":21,"column":2},"end":{"line":21,"column":2}}]},"3":{"line":28,"loc":{"start":{"line":28,"column":2},"end":{"line":28,"column":2}},"type":"if","locations":[{"start":{"line":28,"column":2},"end":{"line":28,"column":2}},{"start":{"line":28,"column":2},"end":{"line":28,"column":2}}]},"4":{"line":46,"loc":{"start":{"line":46,"column":2},"end":{"line":46,"column":2}},"type":"if","locations":[{"start":{"line":46,"column":2},"end":{"line":46,"column":2}},{"start":{"line":46,"column":2},"end":{"line":46,"column":2}}]}},"contentHash":"bc5cde6f283f581c09dc35ad39eee11387457ea64a2ffda1ebd362032d7012d6"},"C:\\Users\\Özgür\\Source\\Repos\\xmlbuilder-js\\src\\WriterState.coffee":{"path":"C:\\Users\\Özgür\\Source\\Repos\\xmlbuilder-js\\src\\WriterState.coffee","s":{"1":1},"b":{},"f":{},"fnMap":{},"statementMap":{"1":{"start":{"line":1,"column":0},"end":{"line":5,"column":13}}},"branchMap":{},"contentHash":"794959b01dc33aa931f8499d588f20df72b8bdaabce976970a9a596117dfad53"},"C:\\Users\\Özgür\\Source\\Repos\\xmlbuilder-js\\src\\XMLAttribute.coffee":{"path":"C:\\Users\\Özgür\\Source\\Repos\\xmlbuilder-js\\src\\XMLAttribute.coffee","s":{"1":1,"2":1,"3":1,"4":271,"5":271,"6":271,"7":271,"8":1,"9":270,"10":270,"11":270,"12":270,"13":270,"14":1,"15":26,"16":1,"17":1,"18":1,"19":1,"20":0,"21":1,"22":13,"23":1,"24":0,"25":1,"26":13,"27":1,"28":1,"29":7,"30":1,"31":1,"32":1,"33":1,"34":0,"35":0,"36":0,"37":0,"38":0,"39":0,"40":0,"41":0,"42":0,"43":0},"b":{"1":[271,0],"2":[1,270],"3":[1,0],"4":[0,0],"5":[0,0],"6":[0,0],"7":[0,0]},"f":{"1":1,"2":271,"3":26,"4":1,"5":1,"6":0,"7":13,"8":0,"9":13,"10":1,"11":7,"12":1,"13":1,"14":0},"fnMap":{"1":{"name":"XMLAttribute","line":5,"loc":{"start":{"line":5,"column":17},"end":{"line":78,"column":14}},"decl":{"start":{"line":5,"column":23},"end":{"line":5,"column":34}}},"2":{"name":"constructor","line":13,"loc":{"start":{"line":13,"column":15},"end":{"line":26,"column":25}},"decl":{"start":{"line":13,"column":2},"end":{"line":13,"column":39}}},"3":{"name":"get","line":30,"loc":{"start":{"line":30,"column":46},"end":{"line":30,"column":56}},"decl":{"start":{"line":30,"column":41},"end":{"line":30,"column":47}}},"4":{"name":"get","line":31,"loc":{"start":{"line":31,"column":50},"end":{"line":31,"column":62}},"decl":{"start":{"line":31,"column":45},"end":{"line":31,"column":51}}},"5":{"name":"get","line":36,"loc":{"start":{"line":36,"column":9},"end":{"line":36,"column":20}},"decl":{"start":{"line":36,"column":4},"end":{"line":36,"column":10}}},"6":{"name":"set","line":37,"loc":{"start":{"line":37,"column":9},"end":{"line":37,"column":39}},"decl":{"start":{"line":37,"column":4},"end":{"line":37,"column":18}}},"7":{"name":"get","line":41,"loc":{"start":{"line":41,"column":50},"end":{"line":41,"column":57}},"decl":{"start":{"line":41,"column":45},"end":{"line":41,"column":51}}},"8":{"name":"get","line":42,"loc":{"start":{"line":42,"column":44},"end":{"line":42,"column":51}},"decl":{"start":{"line":42,"column":39},"end":{"line":42,"column":45}}},"9":{"name":"get","line":43,"loc":{"start":{"line":43,"column":47},"end":{"line":43,"column":57}},"decl":{"start":{"line":43,"column":42},"end":{"line":43,"column":48}}},"10":{"name":"get","line":44,"loc":{"start":{"line":44,"column":47},"end":{"line":44,"column":56}},"decl":{"start":{"line":44,"column":42},"end":{"line":44,"column":48}}},"11":{"name":"clone","line":48,"loc":{"start":{"line":48,"column":9},"end":{"line":49,"column":18}},"decl":{"start":{"line":48,"column":2},"end":{"line":48,"column":10}}},"12":{"name":"toString","line":58,"loc":{"start":{"line":58,"column":12},"end":{"line":59,"column":70}},"decl":{"start":{"line":58,"column":2},"end":{"line":58,"column":23}}},"13":{"name":"debugInfo","line":63,"loc":{"start":{"line":63,"column":13},"end":{"line":69,"column":64}},"decl":{"start":{"line":63,"column":2},"end":{"line":63,"column":21}}},"14":{"name":"isEqualNode","line":72,"loc":{"start":{"line":72,"column":15},"end":{"line":78,"column":14}},"decl":{"start":{"line":72,"column":2},"end":{"line":72,"column":23}}}},"statementMap":{"1":{"start":{"line":1,"column":0},"end":{"line":1,"column":30}},"2":{"start":{"line":2,"column":0},"end":{"line":2,"column":28}},"3":{"start":{"line":5,"column":0},"end":{"line":78,"column":14}},"4":{"start":{"line":14,"column":4},"end":{"line":16,"column":35}},"5":{"start":{"line":15,"column":6},"end":{"line":15,"column":31}},"6":{"start":{"line":16,"column":6},"end":{"line":16,"column":35}},"7":{"start":{"line":18,"column":4},"end":{"line":19,"column":66}},"8":{"start":{"line":19,"column":6},"end":{"line":19,"column":66}},"9":{"start":{"line":21,"column":4},"end":{"line":21,"column":31}},"10":{"start":{"line":22,"column":4},"end":{"line":22,"column":37}},"11":{"start":{"line":23,"column":4},"end":{"line":23,"column":29}},"12":{"start":{"line":25,"column":4},"end":{"line":25,"column":16}},"13":{"start":{"line":26,"column":4},"end":{"line":26,"column":25}},"14":{"start":{"line":30,"column":2},"end":{"line":30,"column":56}},"15":{"start":{"line":30,"column":52},"end":{"line":30,"column":56}},"16":{"start":{"line":31,"column":2},"end":{"line":31,"column":62}},"17":{"start":{"line":31,"column":56},"end":{"line":31,"column":62}},"18":{"start":{"line":35,"column":2},"end":{"line":37,"column":39}},"19":{"start":{"line":36,"column":15},"end":{"line":36,"column":20}},"20":{"start":{"line":37,"column":20},"end":{"line":37,"column":39}},"21":{"start":{"line":41,"column":2},"end":{"line":41,"column":57}},"22":{"start":{"line":41,"column":56},"end":{"line":41,"column":57}},"23":{"start":{"line":42,"column":2},"end":{"line":42,"column":51}},"24":{"start":{"line":42,"column":50},"end":{"line":42,"column":51}},"25":{"start":{"line":43,"column":2},"end":{"line":43,"column":57}},"26":{"start":{"line":43,"column":53},"end":{"line":43,"column":57}},"27":{"start":{"line":44,"column":2},"end":{"line":44,"column":56}},"28":{"start":{"line":44,"column":53},"end":{"line":44,"column":56}},"29":{"start":{"line":49,"column":4},"end":{"line":49,"column":18}},"30":{"start":{"line":59,"column":4},"end":{"line":59,"column":70}},"31":{"start":{"line":64,"column":4},"end":{"line":64,"column":23}},"32":{"start":{"line":66,"column":4},"end":{"line":69,"column":64}},"33":{"start":{"line":67,"column":6},"end":{"line":67,"column":37}},"34":{"start":{"line":69,"column":6},"end":{"line":69,"column":64}},"35":{"start":{"line":73,"column":4},"end":{"line":73,"column":60}},"36":{"start":{"line":73,"column":49},"end":{"line":73,"column":60}},"37":{"start":{"line":74,"column":4},"end":{"line":74,"column":48}},"38":{"start":{"line":74,"column":37},"end":{"line":74,"column":48}},"39":{"start":{"line":75,"column":4},"end":{"line":75,"column":54}},"40":{"start":{"line":75,"column":43},"end":{"line":75,"column":54}},"41":{"start":{"line":76,"column":4},"end":{"line":76,"column":46}},"42":{"start":{"line":76,"column":35},"end":{"line":76,"column":46}},"43":{"start":{"line":78,"column":4},"end":{"line":78,"column":14}}},"branchMap":{"1":{"line":14,"loc":{"start":{"line":14,"column":4},"end":{"line":14,"column":4}},"type":"if","locations":[{"start":{"line":14,"column":4},"end":{"line":14,"column":4}},{"start":{"line":14,"column":4},"end":{"line":14,"column":4}}]},"2":{"line":18,"loc":{"start":{"line":18,"column":4},"end":{"line":18,"column":4}},"type":"if","locations":[{"start":{"line":18,"column":4},"end":{"line":18,"column":4}},{"start":{"line":18,"column":4},"end":{"line":18,"column":4}}]},"3":{"line":66,"loc":{"start":{"line":66,"column":4},"end":{"line":66,"column":4}},"type":"if","locations":[{"start":{"line":66,"column":4},"end":{"line":66,"column":4}},{"start":{"line":66,"column":4},"end":{"line":66,"column":4}}]},"4":{"line":73,"loc":{"start":{"line":73,"column":4},"end":{"line":73,"column":4}},"type":"if","locations":[{"start":{"line":73,"column":4},"end":{"line":73,"column":4}},{"start":{"line":73,"column":4},"end":{"line":73,"column":4}}]},"5":{"line":74,"loc":{"start":{"line":74,"column":4},"end":{"line":74,"column":4}},"type":"if","locations":[{"start":{"line":74,"column":4},"end":{"line":74,"column":4}},{"start":{"line":74,"column":4},"end":{"line":74,"column":4}}]},"6":{"line":75,"loc":{"start":{"line":75,"column":4},"end":{"line":75,"column":4}},"type":"if","locations":[{"start":{"line":75,"column":4},"end":{"line":75,"column":4}},{"start":{"line":75,"column":4},"end":{"line":75,"column":4}}]},"7":{"line":76,"loc":{"start":{"line":76,"column":4},"end":{"line":76,"column":4}},"type":"if","locations":[{"start":{"line":76,"column":4},"end":{"line":76,"column":4}},{"start":{"line":76,"column":4},"end":{"line":76,"column":4}}]}},"contentHash":"9a4199186892a38c0b479de95b2e4f4245ab4ccc0def5c43a75bbedaf16849c3"},"C:\\Users\\Özgür\\Source\\Repos\\xmlbuilder-js\\src\\XMLCData.coffee":{"path":"C:\\Users\\Özgür\\Source\\Repos\\xmlbuilder-js\\src\\XMLCData.coffee","s":{"1":1,"2":1,"3":1,"4":39,"5":39,"6":1,"7":38,"8":38,"9":38,"10":2,"11":1},"b":{"1":[1,38]},"f":{"1":1,"2":39,"3":2,"4":1},"fnMap":{"1":{"name":"XMLCData","line":5,"loc":{"start":{"line":5,"column":17},"end":{"line":34,"column":66}},"decl":{"start":{"line":5,"column":23},"end":{"line":5,"column":30}}},"2":{"name":"constructor","line":11,"loc":{"start":{"line":11,"column":15},"end":{"line":19,"column":33}},"decl":{"start":{"line":11,"column":2},"end":{"line":11,"column":31}}},"3":{"name":"clone","line":23,"loc":{"start":{"line":23,"column":9},"end":{"line":24,"column":18}},"decl":{"start":{"line":23,"column":2},"end":{"line":23,"column":10}}},"4":{"name":"toString","line":33,"loc":{"start":{"line":33,"column":12},"end":{"line":34,"column":66}},"decl":{"start":{"line":33,"column":2},"end":{"line":33,"column":23}}}},"statementMap":{"1":{"start":{"line":1,"column":0},"end":{"line":1,"column":30}},"2":{"start":{"line":2,"column":0},"end":{"line":2,"column":46}},"3":{"start":{"line":5,"column":0},"end":{"line":34,"column":66}},"4":{"start":{"line":12,"column":4},"end":{"line":12,"column":15}},"5":{"start":{"line":14,"column":4},"end":{"line":15,"column":58}},"6":{"start":{"line":15,"column":6},"end":{"line":15,"column":58}},"7":{"start":{"line":17,"column":4},"end":{"line":17,"column":27}},"8":{"start":{"line":18,"column":4},"end":{"line":18,"column":25}},"9":{"start":{"line":19,"column":4},"end":{"line":19,"column":33}},"10":{"start":{"line":24,"column":4},"end":{"line":24,"column":18}},"11":{"start":{"line":34,"column":4},"end":{"line":34,"column":66}}},"branchMap":{"1":{"line":14,"loc":{"start":{"line":14,"column":4},"end":{"line":14,"column":4}},"type":"if","locations":[{"start":{"line":14,"column":4},"end":{"line":14,"column":4}},{"start":{"line":14,"column":4},"end":{"line":14,"column":4}}]}},"contentHash":"3d4437fe26a326fe85551b93a7d5ce7faa06af2db9fdf700d36931ca85b3f48a"},"C:\\Users\\Özgür\\Source\\Repos\\xmlbuilder-js\\src\\XMLCharacterData.coffee":{"path":"C:\\Users\\Özgür\\Source\\Repos\\xmlbuilder-js\\src\\XMLCharacterData.coffee","s":{"1":1,"2":1,"3":504,"4":504,"5":1,"6":7,"7":0,"8":1,"9":1,"10":1,"11":4,"12":0,"13":0,"14":0,"15":0,"16":0,"17":0,"18":0,"19":0,"20":0,"21":0,"22":0,"23":0},"b":{"1":[0,0],"2":[0,0]},"f":{"1":1,"2":504,"3":7,"4":0,"5":1,"6":4,"7":0,"8":0,"9":0,"10":0,"11":0,"12":0,"13":0,"14":0},"fnMap":{"1":{"name":"XMLCharacterData","line":4,"loc":{"start":{"line":4,"column":17},"end":{"line":43,"column":14}},"decl":{"start":{"line":4,"column":23},"end":{"line":4,"column":38}}},"2":{"name":"constructor","line":9,"loc":{"start":{"line":9,"column":15},"end":{"line":12,"column":14}},"decl":{"start":{"line":9,"column":2},"end":{"line":9,"column":25}}},"3":{"name":"get","line":16,"loc":{"start":{"line":16,"column":9},"end":{"line":16,"column":20}},"decl":{"start":{"line":16,"column":4},"end":{"line":16,"column":10}}},"4":{"name":"set","line":17,"loc":{"start":{"line":17,"column":9},"end":{"line":17,"column":39}},"decl":{"start":{"line":17,"column":4},"end":{"line":17,"column":18}}},"5":{"name":"get","line":18,"loc":{"start":{"line":18,"column":44},"end":{"line":18,"column":62}},"decl":{"start":{"line":18,"column":39},"end":{"line":18,"column":45}}},"6":{"name":"get","line":22,"loc":{"start":{"line":22,"column":9},"end":{"line":22,"column":20}},"decl":{"start":{"line":22,"column":4},"end":{"line":22,"column":10}}},"7":{"name":"set","line":23,"loc":{"start":{"line":23,"column":9},"end":{"line":23,"column":39}},"decl":{"start":{"line":23,"column":4},"end":{"line":23,"column":18}}},"8":{"name":"clone","line":27,"loc":{"start":{"line":27,"column":9},"end":{"line":28,"column":18}},"decl":{"start":{"line":27,"column":2},"end":{"line":27,"column":10}}},"9":{"name":"substringData","line":32,"loc":{"start":{"line":32,"column":17},"end":{"line":32,"column":103}},"decl":{"start":{"line":32,"column":2},"end":{"line":32,"column":34}}},"10":{"name":"appendData","line":33,"loc":{"start":{"line":33,"column":14},"end":{"line":33,"column":90}},"decl":{"start":{"line":33,"column":2},"end":{"line":33,"column":21}}},"11":{"name":"insertData","line":34,"loc":{"start":{"line":34,"column":14},"end":{"line":34,"column":98}},"decl":{"start":{"line":34,"column":2},"end":{"line":34,"column":29}}},"12":{"name":"deleteData","line":35,"loc":{"start":{"line":35,"column":14},"end":{"line":35,"column":100}},"decl":{"start":{"line":35,"column":2},"end":{"line":35,"column":31}}},"13":{"name":"replaceData","line":36,"loc":{"start":{"line":36,"column":15},"end":{"line":36,"column":106}},"decl":{"start":{"line":36,"column":2},"end":{"line":36,"column":37}}},"14":{"name":"isEqualNode","line":39,"loc":{"start":{"line":39,"column":15},"end":{"line":43,"column":14}},"decl":{"start":{"line":39,"column":2},"end":{"line":39,"column":23}}}},"statementMap":{"1":{"start":{"line":1,"column":0},"end":{"line":1,"column":28}},"2":{"start":{"line":4,"column":0},"end":{"line":43,"column":14}},"3":{"start":{"line":10,"column":4},"end":{"line":10,"column":15}},"4":{"start":{"line":12,"column":4},"end":{"line":12,"column":14}},"5":{"start":{"line":15,"column":2},"end":{"line":17,"column":39}},"6":{"start":{"line":16,"column":15},"end":{"line":16,"column":20}},"7":{"start":{"line":17,"column":20},"end":{"line":17,"column":39}},"8":{"start":{"line":18,"column":2},"end":{"line":18,"column":62}},"9":{"start":{"line":18,"column":50},"end":{"line":18,"column":55}},"10":{"start":{"line":21,"column":2},"end":{"line":23,"column":39}},"11":{"start":{"line":22,"column":15},"end":{"line":22,"column":20}},"12":{"start":{"line":23,"column":20},"end":{"line":23,"column":39}},"13":{"start":{"line":28,"column":4},"end":{"line":28,"column":18}},"14":{"start":{"line":32,"column":36},"end":{"line":32,"column":103}},"15":{"start":{"line":33,"column":23},"end":{"line":33,"column":90}},"16":{"start":{"line":34,"column":31},"end":{"line":34,"column":98}},"17":{"start":{"line":35,"column":33},"end":{"line":35,"column":100}},"18":{"start":{"line":36,"column":39},"end":{"line":36,"column":106}},"19":{"start":{"line":40,"column":4},"end":{"line":40,"column":51}},"20":{"start":{"line":40,"column":40},"end":{"line":40,"column":51}},"21":{"start":{"line":41,"column":4},"end":{"line":41,"column":44}},"22":{"start":{"line":41,"column":33},"end":{"line":41,"column":44}},"23":{"start":{"line":43,"column":4},"end":{"line":43,"column":14}}},"branchMap":{"1":{"line":40,"loc":{"start":{"line":40,"column":4},"end":{"line":40,"column":4}},"type":"if","locations":[{"start":{"line":40,"column":4},"end":{"line":40,"column":4}},{"start":{"line":40,"column":4},"end":{"line":40,"column":4}}]},"2":{"line":41,"loc":{"start":{"line":41,"column":4},"end":{"line":41,"column":4}},"type":"if","locations":[{"start":{"line":41,"column":4},"end":{"line":41,"column":4}},{"start":{"line":41,"column":4},"end":{"line":41,"column":4}}]}},"contentHash":"9548bb750d83a21d3204d134e1a60c8526aed242e5c1438f6053146f88467506"},"C:\\Users\\Özgür\\Source\\Repos\\xmlbuilder-js\\src\\XMLComment.coffee":{"path":"C:\\Users\\Özgür\\Source\\Repos\\xmlbuilder-js\\src\\XMLComment.coffee","s":{"1":1,"2":1,"3":1,"4":48,"5":48,"6":1,"7":47,"8":47,"9":47,"10":2,"11":1},"b":{"1":[1,47]},"f":{"1":1,"2":48,"3":2,"4":1},"fnMap":{"1":{"name":"XMLComment","line":5,"loc":{"start":{"line":5,"column":17},"end":{"line":34,"column":68}},"decl":{"start":{"line":5,"column":23},"end":{"line":5,"column":32}}},"2":{"name":"constructor","line":11,"loc":{"start":{"line":11,"column":15},"end":{"line":19,"column":35}},"decl":{"start":{"line":11,"column":2},"end":{"line":11,"column":31}}},"3":{"name":"clone","line":23,"loc":{"start":{"line":23,"column":9},"end":{"line":24,"column":18}},"decl":{"start":{"line":23,"column":2},"end":{"line":23,"column":10}}},"4":{"name":"toString","line":33,"loc":{"start":{"line":33,"column":12},"end":{"line":34,"column":68}},"decl":{"start":{"line":33,"column":2},"end":{"line":33,"column":23}}}},"statementMap":{"1":{"start":{"line":1,"column":0},"end":{"line":1,"column":30}},"2":{"start":{"line":2,"column":0},"end":{"line":2,"column":46}},"3":{"start":{"line":5,"column":0},"end":{"line":34,"column":68}},"4":{"start":{"line":12,"column":4},"end":{"line":12,"column":15}},"5":{"start":{"line":14,"column":4},"end":{"line":15,"column":60}},"6":{"start":{"line":15,"column":6},"end":{"line":15,"column":60}},"7":{"start":{"line":17,"column":4},"end":{"line":17,"column":21}},"8":{"start":{"line":18,"column":4},"end":{"line":18,"column":27}},"9":{"start":{"line":19,"column":4},"end":{"line":19,"column":35}},"10":{"start":{"line":24,"column":4},"end":{"line":24,"column":18}},"11":{"start":{"line":34,"column":4},"end":{"line":34,"column":68}}},"branchMap":{"1":{"line":14,"loc":{"start":{"line":14,"column":4},"end":{"line":14,"column":4}},"type":"if","locations":[{"start":{"line":14,"column":4},"end":{"line":14,"column":4}},{"start":{"line":14,"column":4},"end":{"line":14,"column":4}}]}},"contentHash":"9c4e501921ba6744bcfbc13c86198b5c3f53b4ab062c352651e1ed6661e0b8f0"},"C:\\Users\\Özgür\\Source\\Repos\\xmlbuilder-js\\src\\XMLDeclaration.coffee":{"path":"C:\\Users\\Özgür\\Source\\Repos\\xmlbuilder-js\\src\\XMLDeclaration.coffee","s":{"1":1,"2":1,"3":1,"4":1,"5":197,"6":197,"7":188,"8":197,"9":9,"10":197,"11":197,"12":196,"13":8,"14":194,"15":4,"16":1},"b":{"1":[188,9],"2":[9,188],"3":[8,188],"4":[4,190]},"f":{"1":1,"2":197,"3":1},"fnMap":{"1":{"name":"XMLDeclaration","line":7,"loc":{"start":{"line":7,"column":17},"end":{"line":39,"column":72}},"decl":{"start":{"line":7,"column":23},"end":{"line":7,"column":36}}},"2":{"name":"constructor","line":17,"loc":{"start":{"line":17,"column":15},"end":{"line":29,"column":67}},"decl":{"start":{"line":17,"column":2},"end":{"line":17,"column":56}}},"3":{"name":"toString","line":38,"loc":{"start":{"line":38,"column":12},"end":{"line":39,"column":72}},"decl":{"start":{"line":38,"column":2},"end":{"line":38,"column":23}}}},"statementMap":{"1":{"start":{"line":1,"column":0},"end":{"line":1,"column":33}},"2":{"start":{"line":3,"column":0},"end":{"line":3,"column":28}},"3":{"start":{"line":4,"column":0},"end":{"line":4,"column":30}},"4":{"start":{"line":7,"column":0},"end":{"line":39,"column":72}},"5":{"start":{"line":18,"column":4},"end":{"line":18,"column":15}},"6":{"start":{"line":21,"column":4},"end":{"line":22,"column":48}},"7":{"start":{"line":22,"column":6},"end":{"line":22,"column":48}},"8":{"start":{"line":24,"column":4},"end":{"line":24,"column":33}},"9":{"start":{"line":24,"column":4},"end":{"line":24,"column":18}},"10":{"start":{"line":26,"column":4},"end":{"line":26,"column":31}},"11":{"start":{"line":27,"column":4},"end":{"line":27,"column":43}},"12":{"start":{"line":28,"column":4},"end":{"line":28,"column":59}},"13":{"start":{"line":28,"column":4},"end":{"line":28,"column":46}},"14":{"start":{"line":29,"column":4},"end":{"line":29,"column":67}},"15":{"start":{"line":29,"column":4},"end":{"line":29,"column":52}},"16":{"start":{"line":39,"column":4},"end":{"line":39,"column":72}}},"branchMap":{"1":{"line":21,"loc":{"start":{"line":21,"column":4},"end":{"line":21,"column":4}},"type":"if","locations":[{"start":{"line":21,"column":4},"end":{"line":21,"column":4}},{"start":{"line":21,"column":4},"end":{"line":21,"column":4}}]},"2":{"line":24,"loc":{"start":{"line":24,"column":4},"end":{"line":24,"column":4}},"type":"if","locations":[{"start":{"line":24,"column":4},"end":{"line":24,"column":4}},{"start":{"line":24,"column":4},"end":{"line":24,"column":4}}]},"3":{"line":28,"loc":{"start":{"line":28,"column":4},"end":{"line":28,"column":4}},"type":"if","locations":[{"start":{"line":28,"column":4},"end":{"line":28,"column":4}},{"start":{"line":28,"column":4},"end":{"line":28,"column":4}}]},"4":{"line":29,"loc":{"start":{"line":29,"column":4},"end":{"line":29,"column":4}},"type":"if","locations":[{"start":{"line":29,"column":4},"end":{"line":29,"column":4}},{"start":{"line":29,"column":4},"end":{"line":29,"column":4}}]}},"contentHash":"951ae93c77de86b794d97818344a2881d6c2e7ca28b40a19b7ce0036806867e5"},"C:\\Users\\Özgür\\Source\\Repos\\xmlbuilder-js\\src\\XMLDocType.coffee":{"path":"C:\\Users\\Özgür\\Source\\Repos\\xmlbuilder-js\\src\\XMLDocType.coffee","s":{"1":1,"2":1,"3":1,"4":1,"5":1,"6":1,"7":1,"8":1,"9":1,"10":55,"11":55,"12":55,"13":51,"14":100,"15":50,"16":50,"17":55,"18":55,"19":6,"20":55,"21":45,"22":55,"23":6,"24":55,"25":21,"26":1,"27":4,"28":4,"29":4,"30":20,"31":4,"32":1,"33":6,"34":6,"35":18,"36":6,"37":1,"38":1,"39":1,"40":1,"41":1,"42":0,"43":22,"44":21,"45":21,"46":28,"47":22,"48":22,"49":40,"50":36,"51":36,"52":24,"53":23,"54":23,"55":27,"56":25,"57":25,"58":1,"59":22,"60":28,"61":40,"62":24,"63":27,"64":3,"65":0,"66":0,"67":0,"68":0,"69":0,"70":0,"71":0,"72":0,"73":0},"b":{"1":[51,4],"2":[50,50],"3":[6,49],"4":[45,10],"5":[6,49],"6":[21,34],"7":[0,0],"8":[0,0],"9":[0,0],"10":[0,0]},"f":{"1":1,"2":55,"3":4,"4":6,"5":1,"6":1,"7":0,"8":22,"9":28,"10":40,"11":24,"12":27,"13":1,"14":22,"15":28,"16":40,"17":24,"18":27,"19":3,"20":0},"fnMap":{"1":{"name":"XMLDocType","line":12,"loc":{"start":{"line":12,"column":17},"end":{"line":147,"column":14}},"decl":{"start":{"line":12,"column":23},"end":{"line":12,"column":32}}},"2":{"name":"constructor","line":21,"loc":{"start":{"line":21,"column":15},"end":{"line":42,"column":47}},"decl":{"start":{"line":21,"column":2},"end":{"line":21,"column":39}}},"3":{"name":"get","line":45,"loc":{"start":{"line":45,"column":46},"end":{"line":48,"column":28}},"decl":{"start":{"line":45,"column":41},"end":{"line":45,"column":47}}},"4":{"name":"get","line":49,"loc":{"start":{"line":49,"column":47},"end":{"line":52,"column":28}},"decl":{"start":{"line":49,"column":42},"end":{"line":49,"column":48}}},"5":{"name":"get","line":55,"loc":{"start":{"line":55,"column":46},"end":{"line":55,"column":57}},"decl":{"start":{"line":55,"column":41},"end":{"line":55,"column":47}}},"6":{"name":"get","line":56,"loc":{"start":{"line":56,"column":46},"end":{"line":56,"column":57}},"decl":{"start":{"line":56,"column":41},"end":{"line":56,"column":47}}},"7":{"name":"get","line":57,"loc":{"start":{"line":57,"column":52},"end":{"line":57,"column":125}},"decl":{"start":{"line":57,"column":47},"end":{"line":57,"column":53}}},"8":{"name":"element","line":64,"loc":{"start":{"line":64,"column":11},"end":{"line":67,"column":11}},"decl":{"start":{"line":64,"column":2},"end":{"line":64,"column":26}}},"9":{"name":"attList","line":79,"loc":{"start":{"line":79,"column":11},"end":{"line":82,"column":11}},"decl":{"start":{"line":79,"column":2},"end":{"line":79,"column":88}}},"10":{"name":"entity","line":92,"loc":{"start":{"line":92,"column":10},"end":{"line":95,"column":11}},"decl":{"start":{"line":92,"column":2},"end":{"line":92,"column":25}}},"11":{"name":"pEntity","line":104,"loc":{"start":{"line":104,"column":11},"end":{"line":107,"column":11}},"decl":{"start":{"line":104,"column":2},"end":{"line":104,"column":26}}},"12":{"name":"notation","line":116,"loc":{"start":{"line":116,"column":12},"end":{"line":119,"column":11}},"decl":{"start":{"line":116,"column":2},"end":{"line":116,"column":27}}},"13":{"name":"toString","line":128,"loc":{"start":{"line":128,"column":12},"end":{"line":129,"column":68}},"decl":{"start":{"line":128,"column":2},"end":{"line":128,"column":23}}},"14":{"name":"ele","line":133,"loc":{"start":{"line":133,"column":7},"end":{"line":133,"column":43}},"decl":{"start":{"line":133,"column":2},"end":{"line":133,"column":22}}},"15":{"name":"att","line":134,"loc":{"start":{"line":134,"column":7},"end":{"line":135,"column":85}},"decl":{"start":{"line":134,"column":2},"end":{"line":134,"column":84}}},"16":{"name":"ent","line":136,"loc":{"start":{"line":136,"column":7},"end":{"line":136,"column":42}},"decl":{"start":{"line":136,"column":2},"end":{"line":136,"column":22}}},"17":{"name":"pent","line":137,"loc":{"start":{"line":137,"column":8},"end":{"line":137,"column":44}},"decl":{"start":{"line":137,"column":2},"end":{"line":137,"column":23}}},"18":{"name":"not","line":138,"loc":{"start":{"line":138,"column":7},"end":{"line":138,"column":44}},"decl":{"start":{"line":138,"column":2},"end":{"line":138,"column":22}}},"19":{"name":"up","line":139,"loc":{"start":{"line":139,"column":6},"end":{"line":139,"column":37}},"decl":{"start":{"line":139,"column":2},"end":{"line":139,"column":7}}},"20":{"name":"isEqualNode","line":142,"loc":{"start":{"line":142,"column":15},"end":{"line":147,"column":14}},"decl":{"start":{"line":142,"column":2},"end":{"line":142,"column":23}}}},"statementMap":{"1":{"start":{"line":1,"column":0},"end":{"line":1,"column":33}},"2":{"start":{"line":3,"column":0},"end":{"line":3,"column":28}},"3":{"start":{"line":4,"column":0},"end":{"line":4,"column":30}},"4":{"start":{"line":5,"column":0},"end":{"line":5,"column":40}},"5":{"start":{"line":6,"column":0},"end":{"line":6,"column":38}},"6":{"start":{"line":7,"column":0},"end":{"line":7,"column":40}},"7":{"start":{"line":8,"column":0},"end":{"line":8,"column":42}},"8":{"start":{"line":9,"column":0},"end":{"line":9,"column":44}},"9":{"start":{"line":12,"column":0},"end":{"line":147,"column":14}},"10":{"start":{"line":22,"column":4},"end":{"line":22,"column":15}},"11":{"start":{"line":24,"column":4},"end":{"line":24,"column":27}},"12":{"start":{"line":26,"column":4},"end":{"line":30,"column":14}},"13":{"start":{"line":27,"column":6},"end":{"line":30,"column":14}},"14":{"start":{"line":28,"column":8},"end":{"line":30,"column":14}},"15":{"start":{"line":29,"column":10},"end":{"line":29,"column":27}},"16":{"start":{"line":30,"column":10},"end":{"line":30,"column":14}},"17":{"start":{"line":32,"column":4},"end":{"line":32,"column":27}},"18":{"start":{"line":35,"column":4},"end":{"line":36,"column":29}},"19":{"start":{"line":36,"column":6},"end":{"line":36,"column":29}},"20":{"start":{"line":38,"column":4},"end":{"line":39,"column":36}},"21":{"start":{"line":39,"column":6},"end":{"line":39,"column":36}},"22":{"start":{"line":41,"column":4},"end":{"line":41,"column":47}},"23":{"start":{"line":41,"column":4},"end":{"line":41,"column":37}},"24":{"start":{"line":42,"column":4},"end":{"line":42,"column":47}},"25":{"start":{"line":42,"column":4},"end":{"line":42,"column":37}},"26":{"start":{"line":45,"column":2},"end":{"line":48,"column":28}},"27":{"start":{"line":46,"column":4},"end":{"line":46,"column":13}},"28":{"start":{"line":47,"column":4},"end":{"line":47,"column":116}},"29":{"start":{"line":47,"column":4},"end":{"line":47,"column":28}},"30":{"start":{"line":47,"column":59},"end":{"line":47,"column":98}},"31":{"start":{"line":48,"column":4},"end":{"line":48,"column":28}},"32":{"start":{"line":49,"column":2},"end":{"line":52,"column":28}},"33":{"start":{"line":50,"column":4},"end":{"line":50,"column":13}},"34":{"start":{"line":51,"column":4},"end":{"line":51,"column":99}},"35":{"start":{"line":51,"column":4},"end":{"line":51,"column":28}},"36":{"start":{"line":52,"column":4},"end":{"line":52,"column":28}},"37":{"start":{"line":55,"column":2},"end":{"line":55,"column":57}},"38":{"start":{"line":55,"column":52},"end":{"line":55,"column":57}},"39":{"start":{"line":56,"column":2},"end":{"line":56,"column":57}},"40":{"start":{"line":56,"column":52},"end":{"line":56,"column":57}},"41":{"start":{"line":57,"column":2},"end":{"line":57,"column":125}},"42":{"start":{"line":57,"column":58},"end":{"line":57,"column":125}},"43":{"start":{"line":65,"column":4},"end":{"line":65,"column":43}},"44":{"start":{"line":66,"column":4},"end":{"line":66,"column":23}},"45":{"start":{"line":67,"column":4},"end":{"line":67,"column":11}},"46":{"start":{"line":80,"column":4},"end":{"line":80,"column":105}},"47":{"start":{"line":81,"column":4},"end":{"line":81,"column":23}},"48":{"start":{"line":82,"column":4},"end":{"line":82,"column":11}},"49":{"start":{"line":93,"column":4},"end":{"line":93,"column":49}},"50":{"start":{"line":94,"column":4},"end":{"line":94,"column":23}},"51":{"start":{"line":95,"column":4},"end":{"line":95,"column":11}},"52":{"start":{"line":105,"column":4},"end":{"line":105,"column":48}},"53":{"start":{"line":106,"column":4},"end":{"line":106,"column":23}},"54":{"start":{"line":107,"column":4},"end":{"line":107,"column":11}},"55":{"start":{"line":117,"column":4},"end":{"line":117,"column":44}},"56":{"start":{"line":118,"column":4},"end":{"line":118,"column":23}},"57":{"start":{"line":119,"column":4},"end":{"line":119,"column":11}},"58":{"start":{"line":129,"column":4},"end":{"line":129,"column":68}},"59":{"start":{"line":133,"column":24},"end":{"line":133,"column":43}},"60":{"start":{"line":135,"column":4},"end":{"line":135,"column":85}},"61":{"start":{"line":136,"column":24},"end":{"line":136,"column":42}},"62":{"start":{"line":137,"column":25},"end":{"line":137,"column":44}},"63":{"start":{"line":138,"column":24},"end":{"line":138,"column":44}},"64":{"start":{"line":139,"column":12},"end":{"line":139,"column":37}},"65":{"start":{"line":143,"column":4},"end":{"line":143,"column":51}},"66":{"start":{"line":143,"column":40},"end":{"line":143,"column":51}},"67":{"start":{"line":144,"column":4},"end":{"line":144,"column":44}},"68":{"start":{"line":144,"column":33},"end":{"line":144,"column":44}},"69":{"start":{"line":145,"column":4},"end":{"line":145,"column":52}},"70":{"start":{"line":145,"column":41},"end":{"line":145,"column":52}},"71":{"start":{"line":146,"column":4},"end":{"line":146,"column":52}},"72":{"start":{"line":146,"column":41},"end":{"line":146,"column":52}},"73":{"start":{"line":147,"column":4},"end":{"line":147,"column":14}}},"branchMap":{"1":{"line":26,"loc":{"start":{"line":26,"column":4},"end":{"line":26,"column":4}},"type":"if","locations":[{"start":{"line":26,"column":4},"end":{"line":26,"column":4}},{"start":{"line":26,"column":4},"end":{"line":26,"column":4}}]},"2":{"line":28,"loc":{"start":{"line":28,"column":8},"end":{"line":28,"column":8}},"type":"if","locations":[{"start":{"line":28,"column":8},"end":{"line":28,"column":8}},{"start":{"line":28,"column":8},"end":{"line":28,"column":8}}]},"3":{"line":35,"loc":{"start":{"line":35,"column":4},"end":{"line":35,"column":4}},"type":"if","locations":[{"start":{"line":35,"column":4},"end":{"line":35,"column":4}},{"start":{"line":35,"column":4},"end":{"line":35,"column":4}}]},"4":{"line":38,"loc":{"start":{"line":38,"column":4},"end":{"line":38,"column":4}},"type":"if","locations":[{"start":{"line":38,"column":4},"end":{"line":38,"column":4}},{"start":{"line":38,"column":4},"end":{"line":38,"column":4}}]},"5":{"line":41,"loc":{"start":{"line":41,"column":4},"end":{"line":41,"column":4}},"type":"if","locations":[{"start":{"line":41,"column":4},"end":{"line":41,"column":4}},{"start":{"line":41,"column":4},"end":{"line":41,"column":4}}]},"6":{"line":42,"loc":{"start":{"line":42,"column":4},"end":{"line":42,"column":4}},"type":"if","locations":[{"start":{"line":42,"column":4},"end":{"line":42,"column":4}},{"start":{"line":42,"column":4},"end":{"line":42,"column":4}}]},"7":{"line":143,"loc":{"start":{"line":143,"column":4},"end":{"line":143,"column":4}},"type":"if","locations":[{"start":{"line":143,"column":4},"end":{"line":143,"column":4}},{"start":{"line":143,"column":4},"end":{"line":143,"column":4}}]},"8":{"line":144,"loc":{"start":{"line":144,"column":4},"end":{"line":144,"column":4}},"type":"if","locations":[{"start":{"line":144,"column":4},"end":{"line":144,"column":4}},{"start":{"line":144,"column":4},"end":{"line":144,"column":4}}]},"9":{"line":145,"loc":{"start":{"line":145,"column":4},"end":{"line":145,"column":4}},"type":"if","locations":[{"start":{"line":145,"column":4},"end":{"line":145,"column":4}},{"start":{"line":145,"column":4},"end":{"line":145,"column":4}}]},"10":{"line":146,"loc":{"start":{"line":146,"column":4},"end":{"line":146,"column":4}},"type":"if","locations":[{"start":{"line":146,"column":4},"end":{"line":146,"column":4}},{"start":{"line":146,"column":4},"end":{"line":146,"column":4}}]}},"contentHash":"ac43fb654e5b4f44181b434063b836abfd971cd00b3c136292978506fedecdd9"},"C:\\Users\\Özgür\\Source\\Repos\\xmlbuilder-js\\src\\XMLDocument.coffee":{"path":"C:\\Users\\Özgür\\Source\\Repos\\xmlbuilder-js\\src\\XMLDocument.coffee","s":{"1":1,"2":1,"3":1,"4":1,"5":1,"6":1,"7":1,"8":1,"9":284,"10":284,"11":284,"12":284,"13":284,"14":284,"15":284,"16":272,"17":284,"18":284,"19":1,"20":1,"21":1,"22":2,"23":1,"24":0,"25":1,"26":2,"27":1,"28":0,"29":1,"30":0,"31":1,"32":1,"33":1,"34":0,"35":1,"36":1,"37":1,"38":0,"39":1,"40":1,"41":1,"42":0,"43":1,"44":0,"45":1,"46":0,"47":1,"48":0,"49":1,"50":0,"51":1,"52":0,"53":134,"54":134,"55":105,"56":29,"57":9,"58":9,"59":134,"60":1,"61":0,"62":0,"63":0,"64":0,"65":0,"66":0,"67":0,"68":0,"69":0,"70":0,"71":0,"72":0,"73":0,"74":0,"75":0,"76":0,"77":0,"78":0,"79":0,"80":0,"81":0,"82":0},"b":{"1":[272,12],"2":[1,1],"3":[1,0],"4":[1,0],"5":[1,0],"6":[105,29],"7":[9,20]},"f":{"1":1,"2":284,"3":1,"4":2,"5":0,"6":0,"7":1,"8":1,"9":1,"10":0,"11":0,"12":0,"13":0,"14":0,"15":134,"16":1,"17":0,"18":0,"19":0,"20":0,"21":0,"22":0,"23":0,"24":0,"25":0,"26":0,"27":0,"28":0,"29":0,"30":0,"31":0,"32":0,"33":0,"34":0,"35":0,"36":0,"37":0,"38":0},"fnMap":{"1":{"name":"XMLDocument","line":11,"loc":{"start":{"line":11,"column":17},"end":{"line":142,"column":117}},"decl":{"start":{"line":11,"column":23},"end":{"line":11,"column":33}}},"2":{"name":"constructor","line":31,"loc":{"start":{"line":31,"column":15},"end":{"line":43,"column":42}},"decl":{"start":{"line":31,"column":2},"end":{"line":31,"column":26}}},"3":{"name":"get","line":47,"loc":{"start":{"line":47,"column":45},"end":{"line":51,"column":14}},"decl":{"start":{"line":47,"column":40},"end":{"line":47,"column":46}}},"4":{"name":"get","line":52,"loc":{"start":{"line":52,"column":53},"end":{"line":52,"column":77}},"decl":{"start":{"line":52,"column":48},"end":{"line":52,"column":54}}},"5":{"name":"get","line":56,"loc":{"start":{"line":56,"column":51},"end":{"line":56,"column":60}},"decl":{"start":{"line":56,"column":46},"end":{"line":56,"column":52}}},"6":{"name":"get","line":57,"loc":{"start":{"line":57,"column":57},"end":{"line":57,"column":67}},"decl":{"start":{"line":57,"column":52},"end":{"line":57,"column":58}}},"7":{"name":"get","line":58,"loc":{"start":{"line":58,"column":49},"end":{"line":62,"column":16}},"decl":{"start":{"line":58,"column":44},"end":{"line":58,"column":50}}},"8":{"name":"get","line":63,"loc":{"start":{"line":63,"column":51},"end":{"line":67,"column":17}},"decl":{"start":{"line":63,"column":46},"end":{"line":63,"column":52}}},"9":{"name":"get","line":68,"loc":{"start":{"line":68,"column":48},"end":{"line":72,"column":17}},"decl":{"start":{"line":68,"column":43},"end":{"line":68,"column":49}}},"10":{"name":"get","line":76,"loc":{"start":{"line":76,"column":41},"end":{"line":76,"column":58}},"decl":{"start":{"line":76,"column":36},"end":{"line":76,"column":42}}},"11":{"name":"get","line":77,"loc":{"start":{"line":77,"column":44},"end":{"line":77,"column":53}},"decl":{"start":{"line":77,"column":39},"end":{"line":77,"column":45}}},"12":{"name":"get","line":78,"loc":{"start":{"line":78,"column":48},"end":{"line":78,"column":57}},"decl":{"start":{"line":78,"column":43},"end":{"line":78,"column":49}}},"13":{"name":"get","line":79,"loc":{"start":{"line":79,"column":50},"end":{"line":79,"column":59}},"decl":{"start":{"line":79,"column":45},"end":{"line":79,"column":51}}},"14":{"name":"get","line":80,"loc":{"start":{"line":80,"column":49},"end":{"line":80,"column":58}},"decl":{"start":{"line":80,"column":44},"end":{"line":80,"column":50}}},"15":{"name":"end","line":93,"loc":{"start":{"line":93,"column":7},"end":{"line":102,"column":57}},"decl":{"start":{"line":93,"column":2},"end":{"line":93,"column":17}}},"16":{"name":"toString","line":111,"loc":{"start":{"line":111,"column":12},"end":{"line":112,"column":69}},"decl":{"start":{"line":111,"column":2},"end":{"line":111,"column":23}}},"17":{"name":"createElement","line":115,"loc":{"start":{"line":115,"column":17},"end":{"line":115,"column":97}},"decl":{"start":{"line":115,"column":2},"end":{"line":115,"column":28}}},"18":{"name":"createDocumentFragment","line":116,"loc":{"start":{"line":116,"column":26},"end":{"line":116,"column":99}},"decl":{"start":{"line":116,"column":2},"end":{"line":116,"column":27}}},"19":{"name":"createTextNode","line":117,"loc":{"start":{"line":117,"column":18},"end":{"line":117,"column":95}},"decl":{"start":{"line":117,"column":2},"end":{"line":117,"column":26}}},"20":{"name":"createComment","line":118,"loc":{"start":{"line":118,"column":17},"end":{"line":118,"column":94}},"decl":{"start":{"line":118,"column":2},"end":{"line":118,"column":25}}},"21":{"name":"createCDATASection","line":119,"loc":{"start":{"line":119,"column":22},"end":{"line":119,"column":99}},"decl":{"start":{"line":119,"column":2},"end":{"line":119,"column":30}}},"22":{"name":"createProcessingInstruction","line":120,"loc":{"start":{"line":120,"column":31},"end":{"line":120,"column":116}},"decl":{"start":{"line":120,"column":2},"end":{"line":120,"column":47}}},"23":{"name":"createAttribute","line":121,"loc":{"start":{"line":121,"column":19},"end":{"line":121,"column":96}},"decl":{"start":{"line":121,"column":2},"end":{"line":121,"column":27}}},"24":{"name":"createEntityReference","line":122,"loc":{"start":{"line":122,"column":25},"end":{"line":122,"column":102}},"decl":{"start":{"line":122,"column":2},"end":{"line":122,"column":33}}},"25":{"name":"getElementsByTagName","line":123,"loc":{"start":{"line":123,"column":24},"end":{"line":123,"column":104}},"decl":{"start":{"line":123,"column":2},"end":{"line":123,"column":35}}},"26":{"name":"importNode","line":126,"loc":{"start":{"line":126,"column":14},"end":{"line":126,"column":105}},"decl":{"start":{"line":126,"column":2},"end":{"line":126,"column":36}}},"27":{"name":"createElementNS","line":127,"loc":{"start":{"line":127,"column":19},"end":{"line":127,"column":119}},"decl":{"start":{"line":127,"column":2},"end":{"line":127,"column":50}}},"28":{"name":"createAttributeNS","line":128,"loc":{"start":{"line":128,"column":21},"end":{"line":128,"column":121}},"decl":{"start":{"line":128,"column":2},"end":{"line":128,"column":52}}},"29":{"name":"getElementsByTagNameNS","line":129,"loc":{"start":{"line":129,"column":26},"end":{"line":129,"column":122}},"decl":{"start":{"line":129,"column":2},"end":{"line":129,"column":53}}},"30":{"name":"getElementById","line":130,"loc":{"start":{"line":130,"column":18},"end":{"line":130,"column":100}},"decl":{"start":{"line":130,"column":2},"end":{"line":130,"column":31}}},"31":{"name":"adoptNode","line":133,"loc":{"start":{"line":133,"column":13},"end":{"line":133,"column":92}},"decl":{"start":{"line":133,"column":2},"end":{"line":133,"column":23}}},"32":{"name":"normalizeDocument","line":134,"loc":{"start":{"line":134,"column":21},"end":{"line":134,"column":95}},"decl":{"start":{"line":134,"column":2},"end":{"line":134,"column":22}}},"33":{"name":"renameNode","line":135,"loc":{"start":{"line":135,"column":14},"end":{"line":135,"column":120}},"decl":{"start":{"line":135,"column":2},"end":{"line":135,"column":51}}},"34":{"name":"getElementsByClassName","line":138,"loc":{"start":{"line":138,"column":26},"end":{"line":138,"column":109}},"decl":{"start":{"line":138,"column":2},"end":{"line":138,"column":40}}},"35":{"name":"createEvent","line":139,"loc":{"start":{"line":139,"column":15},"end":{"line":139,"column":102}},"decl":{"start":{"line":139,"column":2},"end":{"line":139,"column":33}}},"36":{"name":"createRange","line":140,"loc":{"start":{"line":140,"column":15},"end":{"line":140,"column":88}},"decl":{"start":{"line":140,"column":2},"end":{"line":140,"column":16}}},"37":{"name":"createNodeIterator","line":141,"loc":{"start":{"line":141,"column":22},"end":{"line":141,"column":119}},"decl":{"start":{"line":141,"column":2},"end":{"line":141,"column":50}}},"38":{"name":"createTreeWalker","line":142,"loc":{"start":{"line":142,"column":20},"end":{"line":142,"column":117}},"decl":{"start":{"line":142,"column":2},"end":{"line":142,"column":48}}}},"statementMap":{"1":{"start":{"line":1,"column":0},"end":{"line":1,"column":38}},"2":{"start":{"line":3,"column":0},"end":{"line":3,"column":54}},"3":{"start":{"line":4,"column":0},"end":{"line":4,"column":52}},"4":{"start":{"line":5,"column":0},"end":{"line":5,"column":28}},"5":{"start":{"line":6,"column":0},"end":{"line":6,"column":30}},"6":{"start":{"line":7,"column":0},"end":{"line":7,"column":42}},"7":{"start":{"line":8,"column":0},"end":{"line":8,"column":44}},"8":{"start":{"line":11,"column":0},"end":{"line":142,"column":117}},"9":{"start":{"line":32,"column":4},"end":{"line":32,"column":13}},"10":{"start":{"line":34,"column":4},"end":{"line":34,"column":22}},"11":{"start":{"line":35,"column":4},"end":{"line":35,"column":28}},"12":{"start":{"line":36,"column":4},"end":{"line":36,"column":22}},"13":{"start":{"line":37,"column":4},"end":{"line":37,"column":41}},"14":{"start":{"line":39,"column":4},"end":{"line":39,"column":17}},"15":{"start":{"line":40,"column":4},"end":{"line":40,"column":68}},"16":{"start":{"line":40,"column":31},"end":{"line":40,"column":68}},"17":{"start":{"line":42,"column":4},"end":{"line":42,"column":21}},"18":{"start":{"line":43,"column":4},"end":{"line":43,"column":42}},"19":{"start":{"line":46,"column":2},"end":{"line":46,"column":79}},"20":{"start":{"line":47,"column":2},"end":{"line":51,"column":14}},"21":{"start":{"line":48,"column":4},"end":{"line":50,"column":19}},"22":{"start":{"line":49,"column":6},"end":{"line":50,"column":19}},"23":{"start":{"line":50,"column":8},"end":{"line":50,"column":19}},"24":{"start":{"line":51,"column":4},"end":{"line":51,"column":14}},"25":{"start":{"line":52,"column":2},"end":{"line":52,"column":77}},"26":{"start":{"line":52,"column":59},"end":{"line":52,"column":77}},"27":{"start":{"line":56,"column":2},"end":{"line":56,"column":60}},"28":{"start":{"line":56,"column":57},"end":{"line":56,"column":60}},"29":{"start":{"line":57,"column":2},"end":{"line":57,"column":67}},"30":{"start":{"line":57,"column":63},"end":{"line":57,"column":67}},"31":{"start":{"line":58,"column":2},"end":{"line":62,"column":16}},"32":{"start":{"line":59,"column":4},"end":{"line":62,"column":16}},"33":{"start":{"line":60,"column":6},"end":{"line":60,"column":33}},"34":{"start":{"line":62,"column":6},"end":{"line":62,"column":16}},"35":{"start":{"line":63,"column":2},"end":{"line":67,"column":17}},"36":{"start":{"line":64,"column":4},"end":{"line":67,"column":17}},"37":{"start":{"line":65,"column":6},"end":{"line":65,"column":44}},"38":{"start":{"line":67,"column":6},"end":{"line":67,"column":17}},"39":{"start":{"line":68,"column":2},"end":{"line":72,"column":17}},"40":{"start":{"line":69,"column":4},"end":{"line":72,"column":17}},"41":{"start":{"line":70,"column":6},"end":{"line":70,"column":32}},"42":{"start":{"line":72,"column":6},"end":{"line":72,"column":17}},"43":{"start":{"line":76,"column":2},"end":{"line":76,"column":58}},"44":{"start":{"line":76,"column":47},"end":{"line":76,"column":58}},"45":{"start":{"line":77,"column":2},"end":{"line":77,"column":53}},"46":{"start":{"line":77,"column":50},"end":{"line":77,"column":53}},"47":{"start":{"line":78,"column":2},"end":{"line":78,"column":57}},"48":{"start":{"line":78,"column":54},"end":{"line":78,"column":57}},"49":{"start":{"line":79,"column":2},"end":{"line":79,"column":59}},"50":{"start":{"line":79,"column":56},"end":{"line":79,"column":59}},"51":{"start":{"line":80,"column":2},"end":{"line":80,"column":58}},"52":{"start":{"line":80,"column":55},"end":{"line":80,"column":58}},"53":{"start":{"line":94,"column":4},"end":{"line":94,"column":21}},"54":{"start":{"line":96,"column":4},"end":{"line":100,"column":29}},"55":{"start":{"line":97,"column":6},"end":{"line":97,"column":29}},"56":{"start":{"line":98,"column":9},"end":{"line":100,"column":29}},"57":{"start":{"line":99,"column":6},"end":{"line":99,"column":27}},"58":{"start":{"line":100,"column":6},"end":{"line":100,"column":29}},"59":{"start":{"line":102,"column":4},"end":{"line":102,"column":57}},"60":{"start":{"line":112,"column":4},"end":{"line":112,"column":69}},"61":{"start":{"line":115,"column":30},"end":{"line":115,"column":97}},"62":{"start":{"line":116,"column":32},"end":{"line":116,"column":99}},"63":{"start":{"line":117,"column":28},"end":{"line":117,"column":95}},"64":{"start":{"line":118,"column":27},"end":{"line":118,"column":94}},"65":{"start":{"line":119,"column":32},"end":{"line":119,"column":99}},"66":{"start":{"line":120,"column":49},"end":{"line":120,"column":116}},"67":{"start":{"line":121,"column":29},"end":{"line":121,"column":96}},"68":{"start":{"line":122,"column":35},"end":{"line":122,"column":102}},"69":{"start":{"line":123,"column":37},"end":{"line":123,"column":104}},"70":{"start":{"line":126,"column":38},"end":{"line":126,"column":105}},"71":{"start":{"line":127,"column":52},"end":{"line":127,"column":119}},"72":{"start":{"line":128,"column":54},"end":{"line":128,"column":121}},"73":{"start":{"line":129,"column":55},"end":{"line":129,"column":122}},"74":{"start":{"line":130,"column":33},"end":{"line":130,"column":100}},"75":{"start":{"line":133,"column":25},"end":{"line":133,"column":92}},"76":{"start":{"line":134,"column":28},"end":{"line":134,"column":95}},"77":{"start":{"line":135,"column":53},"end":{"line":135,"column":120}},"78":{"start":{"line":138,"column":42},"end":{"line":138,"column":109}},"79":{"start":{"line":139,"column":35},"end":{"line":139,"column":102}},"80":{"start":{"line":140,"column":21},"end":{"line":140,"column":88}},"81":{"start":{"line":141,"column":52},"end":{"line":141,"column":119}},"82":{"start":{"line":142,"column":50},"end":{"line":142,"column":117}}},"branchMap":{"1":{"line":40,"loc":{"start":{"line":40,"column":4},"end":{"line":40,"column":4}},"type":"if","locations":[{"start":{"line":40,"column":4},"end":{"line":40,"column":4}},{"start":{"line":40,"column":4},"end":{"line":40,"column":4}}]},"2":{"line":49,"loc":{"start":{"line":49,"column":6},"end":{"line":49,"column":6}},"type":"if","locations":[{"start":{"line":49,"column":6},"end":{"line":49,"column":6}},{"start":{"line":49,"column":6},"end":{"line":49,"column":6}}]},"3":{"line":59,"loc":{"start":{"line":59,"column":4},"end":{"line":59,"column":4}},"type":"if","locations":[{"start":{"line":59,"column":4},"end":{"line":59,"column":4}},{"start":{"line":59,"column":4},"end":{"line":59,"column":4}}]},"4":{"line":64,"loc":{"start":{"line":64,"column":4},"end":{"line":64,"column":4}},"type":"if","locations":[{"start":{"line":64,"column":4},"end":{"line":64,"column":4}},{"start":{"line":64,"column":4},"end":{"line":64,"column":4}}]},"5":{"line":69,"loc":{"start":{"line":69,"column":4},"end":{"line":69,"column":4}},"type":"if","locations":[{"start":{"line":69,"column":4},"end":{"line":69,"column":4}},{"start":{"line":69,"column":4},"end":{"line":69,"column":4}}]},"6":{"line":96,"loc":{"start":{"line":96,"column":4},"end":{"line":96,"column":4}},"type":"if","locations":[{"start":{"line":96,"column":4},"end":{"line":96,"column":4}},{"start":{"line":96,"column":4},"end":{"line":96,"column":4}}]},"7":{"line":98,"loc":{"start":{"line":98,"column":9},"end":{"line":98,"column":9}},"type":"if","locations":[{"start":{"line":98,"column":9},"end":{"line":98,"column":9}},{"start":{"line":98,"column":9},"end":{"line":98,"column":9}}]}},"contentHash":"620b4cee0d63e966bfa11665707abc118c2e3ef39154115aa8f4b4f9650318a8"},"C:\\Users\\Özgür\\Source\\Repos\\xmlbuilder-js\\src\\XMLDocumentCB.coffee":{"path":"C:\\Users\\Özgür\\Source\\Repos\\xmlbuilder-js\\src\\XMLDocumentCB.coffee","s":{"1":1,"2":1,"3":1,"4":1,"5":1,"6":1,"7":1,"8":1,"9":1,"10":1,"11":1,"12":1,"13":1,"14":1,"15":1,"16":1,"17":1,"18":1,"19":1,"20":1,"21":29,"22":29,"23":29,"24":29,"25":29,"26":28,"27":1,"28":1,"29":1,"30":29,"31":29,"32":29,"33":29,"34":29,"35":29,"36":29,"37":29,"38":29,"39":29,"40":29,"41":29,"42":99,"43":1,"44":2,"45":64,"46":64,"47":22,"48":64,"49":0,"50":1,"51":30,"52":1,"53":0,"54":99,"55":87,"56":87,"57":52,"58":99,"59":0,"60":113,"61":1,"62":112,"63":1,"64":111,"65":111,"66":111,"67":111,"68":111,"69":3,"70":111,"71":111,"72":111,"73":111,"74":111,"75":9,"76":111,"77":54,"78":9,"79":45,"80":12,"81":12,"82":12,"83":12,"84":12,"85":12,"86":12,"87":12,"88":12,"89":33,"90":54,"91":14,"92":1,"93":13,"94":13,"95":13,"96":3,"97":4,"98":10,"99":0,"100":10,"101":2,"102":8,"103":6,"104":13,"105":42,"106":42,"107":42,"108":42,"109":7,"110":7,"111":7,"112":7,"113":8,"114":8,"115":8,"116":8,"117":4,"118":4,"119":4,"120":4,"121":17,"122":17,"123":17,"124":17,"125":12,"126":17,"127":1,"128":2,"129":16,"130":1,"131":3,"132":15,"133":0,"134":15,"135":15,"136":17,"137":7,"138":7,"139":1,"140":6,"141":6,"142":6,"143":6,"144":6,"145":1,"146":5,"147":1,"148":4,"149":4,"150":4,"151":4,"152":4,"153":4,"154":9,"155":9,"156":9,"157":9,"158":9,"159":9,"160":9,"161":9,"162":15,"163":15,"164":15,"165":15,"166":9,"167":9,"168":9,"169":9,"170":9,"171":9,"172":9,"173":9,"174":113,"175":1,"176":112,"177":75,"178":50,"179":25,"180":75,"181":37,"182":112,"183":112,"184":112,"185":22,"186":17,"187":22,"188":253,"189":164,"190":164,"191":189,"192":115,"193":27,"194":115,"195":115,"196":111,"197":111,"198":111,"199":44,"200":111,"201":111,"202":87,"203":24,"204":111,"205":4,"206":4,"207":4,"208":1,"209":3,"210":3,"211":4,"212":3,"213":3,"214":1,"215":1,"216":4,"217":115,"218":115,"219":87,"220":87,"221":87,"222":87,"223":84,"224":3,"225":87,"226":87,"227":87,"228":335,"229":335,"230":22,"231":22,"232":2,"233":0,"234":2,"235":49,"236":4,"237":2,"238":5,"239":5,"240":10,"241":7,"242":6,"243":5,"244":1,"245":1,"246":1,"247":1,"248":1,"249":1,"250":17,"251":8,"252":9,"253":2,"254":1,"255":1,"256":15,"257":9,"258":9},"b":{"1":[28,1],"2":[1,0],"3":[1,2,64,0,1,30,1,0],"4":[52,35],"5":[1,112],"6":[1,111],"7":[3,108],"8":[9,102],"9":[9,45],"10":[12,33],"11":[12,0],"12":[1,13],"13":[13,0],"14":[3,10],"15":[0,10],"16":[2,8],"17":[6,2],"18":[17,0],"19":[12,5],"20":[1,16],"21":[1,15],"22":[0,15],"23":[1,6],"24":[1,5],"25":[1,4],"26":[1,112],"27":[75,37],"28":[50,25],"29":[164,89],"30":[115,74],"31":[27,88],"32":[111,4],"33":[87,24],"34":[1,3],"35":[3,0],"36":[3,1],"37":[87,0],"38":[84,3],"39":[0,2],"40":[8,9],"41":[1,1]},"f":{"1":1,"2":29,"3":0,"4":21,"5":99,"6":0,"7":113,"8":54,"9":14,"10":42,"11":7,"12":8,"13":4,"14":17,"15":7,"16":6,"17":9,"18":9,"19":15,"20":9,"21":9,"22":113,"23":22,"24":253,"25":189,"26":87,"27":335,"28":22,"29":2,"30":49,"31":4,"32":2,"33":5,"34":5,"35":10,"36":7,"37":6,"38":5,"39":1,"40":1,"41":1,"42":1,"43":1,"44":1,"45":17,"46":2,"47":15,"48":9,"49":9},"fnMap":{"1":{"name":"XMLDocumentCB","line":27,"loc":{"start":{"line":27,"column":17},"end":{"line":529,"column":44}},"decl":{"start":{"line":27,"column":23},"end":{"line":27,"column":35}}},"2":{"name":"constructor","line":53,"loc":{"start":{"line":53,"column":15},"end":{"line":78,"column":15}},"decl":{"start":{"line":53,"column":2},"end":{"line":53,"column":41}}},"3":{"name":"(anonymous_1)","line":70,"loc":{"start":{"line":70,"column":32},"end":{"line":70,"column":36}},"decl":{"start":{"line":70,"column":32},"end":{"line":70,"column":33}}},"4":{"name":"(anonymous_2)","line":71,"loc":{"start":{"line":71,"column":30},"end":{"line":71,"column":34}},"decl":{"start":{"line":71,"column":30},"end":{"line":71,"column":31}}},"5":{"name":"createChildNode","line":84,"loc":{"start":{"line":84,"column":19},"end":{"line":104,"column":11}},"decl":{"start":{"line":84,"column":2},"end":{"line":84,"column":27}}},"6":{"name":"dummy","line":108,"loc":{"start":{"line":108,"column":9},"end":{"line":111,"column":11}},"decl":{"start":{"line":108,"column":2},"end":{"line":108,"column":10}}},"7":{"name":"node","line":119,"loc":{"start":{"line":119,"column":8},"end":{"line":143,"column":11}},"decl":{"start":{"line":119,"column":2},"end":{"line":119,"column":34}}},"8":{"name":"element","line":152,"loc":{"start":{"line":152,"column":11},"end":{"line":171,"column":11}},"decl":{"start":{"line":152,"column":2},"end":{"line":152,"column":37}}},"9":{"name":"attribute","line":177,"loc":{"start":{"line":177,"column":13},"end":{"line":193,"column":11}},"decl":{"start":{"line":177,"column":2},"end":{"line":177,"column":28}}},"10":{"name":"text","line":199,"loc":{"start":{"line":199,"column":8},"end":{"line":205,"column":11}},"decl":{"start":{"line":199,"column":2},"end":{"line":199,"column":17}}},"11":{"name":"cdata","line":211,"loc":{"start":{"line":211,"column":9},"end":{"line":217,"column":11}},"decl":{"start":{"line":211,"column":2},"end":{"line":211,"column":18}}},"12":{"name":"comment","line":223,"loc":{"start":{"line":223,"column":11},"end":{"line":229,"column":11}},"decl":{"start":{"line":223,"column":2},"end":{"line":223,"column":20}}},"13":{"name":"raw","line":235,"loc":{"start":{"line":235,"column":7},"end":{"line":241,"column":11}},"decl":{"start":{"line":235,"column":2},"end":{"line":235,"column":16}}},"14":{"name":"instruction","line":248,"loc":{"start":{"line":248,"column":15},"end":{"line":265,"column":11}},"decl":{"start":{"line":248,"column":2},"end":{"line":248,"column":32}}},"15":{"name":"declaration","line":273,"loc":{"start":{"line":273,"column":15},"end":{"line":282,"column":11}},"decl":{"start":{"line":273,"column":2},"end":{"line":273,"column":48}}},"16":{"name":"doctype","line":290,"loc":{"start":{"line":290,"column":11},"end":{"line":305,"column":11}},"decl":{"start":{"line":290,"column":2},"end":{"line":290,"column":33}}},"17":{"name":"dtdElement","line":312,"loc":{"start":{"line":312,"column":14},"end":{"line":318,"column":11}},"decl":{"start":{"line":312,"column":2},"end":{"line":312,"column":29}}},"18":{"name":"attList","line":330,"loc":{"start":{"line":330,"column":11},"end":{"line":336,"column":11}},"decl":{"start":{"line":330,"column":2},"end":{"line":330,"column":88}}},"19":{"name":"entity","line":346,"loc":{"start":{"line":346,"column":10},"end":{"line":352,"column":11}},"decl":{"start":{"line":346,"column":2},"end":{"line":346,"column":25}}},"20":{"name":"pEntity","line":361,"loc":{"start":{"line":361,"column":11},"end":{"line":367,"column":11}},"decl":{"start":{"line":361,"column":2},"end":{"line":361,"column":26}}},"21":{"name":"notation","line":376,"loc":{"start":{"line":376,"column":12},"end":{"line":382,"column":11}},"decl":{"start":{"line":376,"column":2},"end":{"line":376,"column":27}}},"22":{"name":"up","line":386,"loc":{"start":{"line":386,"column":6},"end":{"line":399,"column":11}},"decl":{"start":{"line":386,"column":2},"end":{"line":386,"column":7}}},"23":{"name":"end","line":403,"loc":{"start":{"line":403,"column":7},"end":{"line":407,"column":11}},"decl":{"start":{"line":403,"column":2},"end":{"line":403,"column":8}}},"24":{"name":"openCurrent","line":411,"loc":{"start":{"line":411,"column":15},"end":{"line":414,"column":28}},"decl":{"start":{"line":411,"column":2},"end":{"line":411,"column":16}}},"25":{"name":"openNode","line":419,"loc":{"start":{"line":419,"column":12},"end":{"line":455,"column":23}},"decl":{"start":{"line":419,"column":2},"end":{"line":419,"column":20}}},"26":{"name":"closeNode","line":459,"loc":{"start":{"line":459,"column":13},"end":{"line":470,"column":25}},"decl":{"start":{"line":459,"column":2},"end":{"line":459,"column":21}}},"27":{"name":"onData","line":477,"loc":{"start":{"line":477,"column":10},"end":{"line":479,"column":36}},"decl":{"start":{"line":477,"column":2},"end":{"line":477,"column":26}}},"28":{"name":"onEnd","line":483,"loc":{"start":{"line":483,"column":9},"end":{"line":485,"column":19}},"decl":{"start":{"line":483,"column":2},"end":{"line":483,"column":10}}},"29":{"name":"debugInfo","line":489,"loc":{"start":{"line":489,"column":13},"end":{"line":493,"column":27}},"decl":{"start":{"line":489,"column":2},"end":{"line":489,"column":21}}},"30":{"name":"ele","line":497,"loc":{"start":{"line":497,"column":7},"end":{"line":497,"column":33}},"decl":{"start":{"line":497,"column":2},"end":{"line":497,"column":8}}},"31":{"name":"nod","line":498,"loc":{"start":{"line":498,"column":7},"end":{"line":498,"column":62}},"decl":{"start":{"line":498,"column":2},"end":{"line":498,"column":33}}},"32":{"name":"txt","line":499,"loc":{"start":{"line":499,"column":7},"end":{"line":499,"column":28}},"decl":{"start":{"line":499,"column":2},"end":{"line":499,"column":16}}},"33":{"name":"dat","line":500,"loc":{"start":{"line":500,"column":7},"end":{"line":500,"column":29}},"decl":{"start":{"line":500,"column":2},"end":{"line":500,"column":16}}},"34":{"name":"com","line":501,"loc":{"start":{"line":501,"column":7},"end":{"line":501,"column":31}},"decl":{"start":{"line":501,"column":2},"end":{"line":501,"column":16}}},"35":{"name":"ins","line":502,"loc":{"start":{"line":502,"column":7},"end":{"line":502,"column":51}},"decl":{"start":{"line":502,"column":2},"end":{"line":502,"column":24}}},"36":{"name":"dec","line":503,"loc":{"start":{"line":503,"column":7},"end":{"line":503,"column":83}},"decl":{"start":{"line":503,"column":2},"end":{"line":503,"column":40}}},"37":{"name":"dtd","line":504,"loc":{"start":{"line":504,"column":7},"end":{"line":504,"column":57}},"decl":{"start":{"line":504,"column":2},"end":{"line":504,"column":29}}},"38":{"name":"e","line":505,"loc":{"start":{"line":505,"column":5},"end":{"line":505,"column":63}},"decl":{"start":{"line":505,"column":2},"end":{"line":505,"column":31}}},"39":{"name":"n","line":506,"loc":{"start":{"line":506,"column":5},"end":{"line":506,"column":60}},"decl":{"start":{"line":506,"column":2},"end":{"line":506,"column":31}}},"40":{"name":"t","line":507,"loc":{"start":{"line":507,"column":5},"end":{"line":507,"column":26}},"decl":{"start":{"line":507,"column":2},"end":{"line":507,"column":14}}},"41":{"name":"d","line":508,"loc":{"start":{"line":508,"column":5},"end":{"line":508,"column":27}},"decl":{"start":{"line":508,"column":2},"end":{"line":508,"column":14}}},"42":{"name":"c","line":509,"loc":{"start":{"line":509,"column":5},"end":{"line":509,"column":29}},"decl":{"start":{"line":509,"column":2},"end":{"line":509,"column":14}}},"43":{"name":"r","line":510,"loc":{"start":{"line":510,"column":5},"end":{"line":510,"column":25}},"decl":{"start":{"line":510,"column":2},"end":{"line":510,"column":14}}},"44":{"name":"i","line":511,"loc":{"start":{"line":511,"column":5},"end":{"line":511,"column":49}},"decl":{"start":{"line":511,"column":2},"end":{"line":511,"column":22}}},"45":{"name":"att","line":514,"loc":{"start":{"line":514,"column":7},"end":{"line":518,"column":28}},"decl":{"start":{"line":514,"column":2},"end":{"line":514,"column":8}}},"46":{"name":"a","line":519,"loc":{"start":{"line":519,"column":5},"end":{"line":523,"column":28}},"decl":{"start":{"line":519,"column":2},"end":{"line":519,"column":6}}},"47":{"name":"ent","line":527,"loc":{"start":{"line":527,"column":7},"end":{"line":527,"column":42}},"decl":{"start":{"line":527,"column":2},"end":{"line":527,"column":22}}},"48":{"name":"pent","line":528,"loc":{"start":{"line":528,"column":8},"end":{"line":528,"column":44}},"decl":{"start":{"line":528,"column":2},"end":{"line":528,"column":23}}},"49":{"name":"not","line":529,"loc":{"start":{"line":529,"column":7},"end":{"line":529,"column":44}},"decl":{"start":{"line":529,"column":2},"end":{"line":529,"column":22}}}},"statementMap":{"1":{"start":{"line":1,"column":0},"end":{"line":1,"column":70}},"2":{"start":{"line":3,"column":0},"end":{"line":3,"column":30}},"3":{"start":{"line":4,"column":0},"end":{"line":4,"column":36}},"4":{"start":{"line":5,"column":0},"end":{"line":5,"column":34}},"5":{"start":{"line":6,"column":0},"end":{"line":6,"column":30}},"6":{"start":{"line":7,"column":0},"end":{"line":7,"column":34}},"7":{"start":{"line":8,"column":0},"end":{"line":8,"column":26}},"8":{"start":{"line":9,"column":0},"end":{"line":9,"column":28}},"9":{"start":{"line":10,"column":0},"end":{"line":10,"column":62}},"10":{"start":{"line":12,"column":0},"end":{"line":12,"column":42}},"11":{"start":{"line":13,"column":0},"end":{"line":13,"column":34}},"12":{"start":{"line":15,"column":0},"end":{"line":15,"column":40}},"13":{"start":{"line":16,"column":0},"end":{"line":16,"column":38}},"14":{"start":{"line":17,"column":0},"end":{"line":17,"column":40}},"15":{"start":{"line":18,"column":0},"end":{"line":18,"column":42}},"16":{"start":{"line":20,"column":0},"end":{"line":20,"column":38}},"17":{"start":{"line":22,"column":0},"end":{"line":22,"column":42}},"18":{"start":{"line":23,"column":0},"end":{"line":23,"column":44}},"19":{"start":{"line":24,"column":0},"end":{"line":24,"column":36}},"20":{"start":{"line":27,"column":0},"end":{"line":529,"column":44}},"21":{"start":{"line":54,"column":4},"end":{"line":54,"column":17}},"22":{"start":{"line":55,"column":4},"end":{"line":55,"column":28}},"23":{"start":{"line":57,"column":4},"end":{"line":57,"column":17}},"24":{"start":{"line":59,"column":4},"end":{"line":59,"column":21}},"25":{"start":{"line":60,"column":4},"end":{"line":64,"column":43}},"26":{"start":{"line":61,"column":6},"end":{"line":61,"column":43}},"27":{"start":{"line":62,"column":9},"end":{"line":64,"column":43}},"28":{"start":{"line":63,"column":6},"end":{"line":63,"column":35}},"29":{"start":{"line":64,"column":6},"end":{"line":64,"column":43}},"30":{"start":{"line":66,"column":4},"end":{"line":66,"column":21}},"31":{"start":{"line":67,"column":4},"end":{"line":67,"column":27}},"32":{"start":{"line":68,"column":4},"end":{"line":68,"column":55}},"33":{"start":{"line":69,"column":4},"end":{"line":69,"column":42}},"34":{"start":{"line":70,"column":4},"end":{"line":70,"column":36}},"35":{"start":{"line":71,"column":4},"end":{"line":71,"column":34}},"36":{"start":{"line":73,"column":4},"end":{"line":73,"column":22}},"37":{"start":{"line":74,"column":4},"end":{"line":74,"column":21}},"38":{"start":{"line":75,"column":4},"end":{"line":75,"column":17}},"39":{"start":{"line":76,"column":4},"end":{"line":76,"column":27}},"40":{"start":{"line":77,"column":4},"end":{"line":77,"column":29}},"41":{"start":{"line":78,"column":4},"end":{"line":78,"column":15}},"42":{"start":{"line":85,"column":4},"end":{"line":97,"column":104}},"43":{"start":{"line":86,"column":33},"end":{"line":86,"column":51}},"44":{"start":{"line":87,"column":33},"end":{"line":87,"column":51}},"45":{"start":{"line":89,"column":8},"end":{"line":89,"column":22}},"46":{"start":{"line":90,"column":8},"end":{"line":91,"column":40}},"47":{"start":{"line":91,"column":10},"end":{"line":91,"column":40}},"48":{"start":{"line":92,"column":8},"end":{"line":92,"column":34}},"49":{"start":{"line":93,"column":33},"end":{"line":93,"column":40}},"50":{"start":{"line":94,"column":33},"end":{"line":94,"column":51}},"51":{"start":{"line":95,"column":33},"end":{"line":95,"column":51}},"52":{"start":{"line":96,"column":47},"end":{"line":96,"column":82}},"53":{"start":{"line":97,"column":11},"end":{"line":97,"column":104}},"54":{"start":{"line":100,"column":4},"end":{"line":102,"column":49}},"55":{"start":{"line":101,"column":6},"end":{"line":101,"column":28}},"56":{"start":{"line":102,"column":6},"end":{"line":102,"column":49}},"57":{"start":{"line":102,"column":45},"end":{"line":102,"column":49}},"58":{"start":{"line":104,"column":4},"end":{"line":104,"column":11}},"59":{"start":{"line":111,"column":4},"end":{"line":111,"column":11}},"60":{"start":{"line":120,"column":4},"end":{"line":121,"column":41}},"61":{"start":{"line":121,"column":6},"end":{"line":121,"column":41}},"62":{"start":{"line":123,"column":4},"end":{"line":124,"column":80}},"63":{"start":{"line":124,"column":6},"end":{"line":124,"column":80}},"64":{"start":{"line":126,"column":4},"end":{"line":126,"column":17}},"65":{"start":{"line":128,"column":4},"end":{"line":128,"column":23}},"66":{"start":{"line":130,"column":4},"end":{"line":130,"column":19}},"67":{"start":{"line":131,"column":4},"end":{"line":131,"column":35}},"68":{"start":{"line":133,"column":4},"end":{"line":134,"column":44}},"69":{"start":{"line":134,"column":6},"end":{"line":134,"column":44}},"70":{"start":{"line":136,"column":4},"end":{"line":136,"column":52}},"71":{"start":{"line":137,"column":4},"end":{"line":137,"column":32}},"72":{"start":{"line":138,"column":4},"end":{"line":138,"column":18}},"73":{"start":{"line":139,"column":4},"end":{"line":139,"column":42}},"74":{"start":{"line":141,"column":4},"end":{"line":141,"column":23}},"75":{"start":{"line":141,"column":4},"end":{"line":141,"column":14}},"76":{"start":{"line":143,"column":4},"end":{"line":143,"column":11}},"77":{"start":{"line":153,"column":4},"end":{"line":169,"column":35}},"78":{"start":{"line":154,"column":6},"end":{"line":154,"column":29}},"79":{"start":{"line":156,"column":6},"end":{"line":169,"column":35}},"80":{"start":{"line":158,"column":8},"end":{"line":158,"column":48}},"81":{"start":{"line":159,"column":8},"end":{"line":159,"column":35}},"82":{"start":{"line":160,"column":8},"end":{"line":160,"column":60}},"83":{"start":{"line":161,"column":8},"end":{"line":161,"column":25}},"84":{"start":{"line":162,"column":8},"end":{"line":162,"column":48}},"85":{"start":{"line":164,"column":8},"end":{"line":166,"column":53}},"86":{"start":{"line":165,"column":10},"end":{"line":165,"column":32}},"87":{"start":{"line":166,"column":10},"end":{"line":166,"column":53}},"88":{"start":{"line":166,"column":49},"end":{"line":166,"column":53}},"89":{"start":{"line":169,"column":8},"end":{"line":169,"column":35}},"90":{"start":{"line":171,"column":4},"end":{"line":171,"column":11}},"91":{"start":{"line":178,"column":4},"end":{"line":179,"column":115}},"92":{"start":{"line":179,"column":6},"end":{"line":179,"column":115}},"93":{"start":{"line":181,"column":4},"end":{"line":181,"column":33}},"94":{"start":{"line":181,"column":4},"end":{"line":181,"column":24}},"95":{"start":{"line":183,"column":4},"end":{"line":187,"column":46}},"96":{"start":{"line":184,"column":6},"end":{"line":185,"column":35}},"97":{"start":{"line":185,"column":8},"end":{"line":185,"column":35}},"98":{"start":{"line":187,"column":6},"end":{"line":187,"column":46}},"99":{"start":{"line":187,"column":6},"end":{"line":187,"column":26}},"100":{"start":{"line":188,"column":6},"end":{"line":191,"column":67}},"101":{"start":{"line":189,"column":8},"end":{"line":189,"column":64}},"102":{"start":{"line":190,"column":11},"end":{"line":191,"column":67}},"103":{"start":{"line":191,"column":8},"end":{"line":191,"column":67}},"104":{"start":{"line":193,"column":4},"end":{"line":193,"column":11}},"105":{"start":{"line":200,"column":4},"end":{"line":200,"column":17}},"106":{"start":{"line":202,"column":4},"end":{"line":202,"column":30}},"107":{"start":{"line":203,"column":4},"end":{"line":203,"column":84}},"108":{"start":{"line":205,"column":4},"end":{"line":205,"column":11}},"109":{"start":{"line":212,"column":4},"end":{"line":212,"column":17}},"110":{"start":{"line":214,"column":4},"end":{"line":214,"column":31}},"111":{"start":{"line":215,"column":4},"end":{"line":215,"column":85}},"112":{"start":{"line":217,"column":4},"end":{"line":217,"column":11}},"113":{"start":{"line":224,"column":4},"end":{"line":224,"column":17}},"114":{"start":{"line":226,"column":4},"end":{"line":226,"column":33}},"115":{"start":{"line":227,"column":4},"end":{"line":227,"column":87}},"116":{"start":{"line":229,"column":4},"end":{"line":229,"column":11}},"117":{"start":{"line":236,"column":4},"end":{"line":236,"column":17}},"118":{"start":{"line":238,"column":4},"end":{"line":238,"column":29}},"119":{"start":{"line":239,"column":4},"end":{"line":239,"column":83}},"120":{"start":{"line":241,"column":4},"end":{"line":241,"column":11}},"121":{"start":{"line":249,"column":4},"end":{"line":249,"column":17}},"122":{"start":{"line":251,"column":4},"end":{"line":251,"column":39}},"123":{"start":{"line":251,"column":4},"end":{"line":251,"column":28}},"124":{"start":{"line":252,"column":4},"end":{"line":252,"column":36}},"125":{"start":{"line":252,"column":4},"end":{"line":252,"column":26}},"126":{"start":{"line":254,"column":4},"end":{"line":261,"column":46}},"127":{"start":{"line":255,"column":6},"end":{"line":256,"column":29}},"128":{"start":{"line":256,"column":8},"end":{"line":256,"column":29}},"129":{"start":{"line":257,"column":9},"end":{"line":261,"column":46}},"130":{"start":{"line":258,"column":6},"end":{
[...]
{"line":161,"column":40}},"101":{"start":{"line":162,"column":6},"end":{"line":162,"column":42}},"102":{"start":{"line":163,"column":6},"end":{"line":164,"column":53}},"103":{"start":{"line":164,"column":8},"end":{"line":164,"column":53}},"104":{"start":{"line":165,"column":6},"end":{"line":165,"column":41}},"105":{"start":{"line":166,"column":6},"end":{"line":166,"column":13}},"106":{"start":{"line":169,"column":4},"end":{"line":169,"column":39}},"107":{"start":{"line":170,"column":4},"end":{"line":170,"column":38}},"108":{"start":{"line":171,"column":4},"end":{"line":171,"column":38}},"109":{"start":{"line":172,"column":4},"end":{"line":172,"column":35}},"110":{"start":{"line":173,"column":4},"end":{"line":173,"column":35}},"111":{"start":{"line":175,"column":4},"end":{"line":175,"column":11}},"112":{"start":{"line":178,"column":4},"end":{"line":178,"column":14}},"113":{"start":{"line":179,"column":4},"end":{"line":179,"column":27}},"114":{"start":{"line":181,"column":4},"end":{"line":181,"column":9}},"115":{"start":{"line":184,"column":4},"end":{"line":184,"column":34}},"116":{"start":{"line":185,"column":4},"end":{"line":185,"column":38}},"117":{"start":{"line":186,"column":4},"end":{"line":186,"column":55}},"118":{"start":{"line":189,"column":4},"end":{"line":190,"column":40}},"119":{"start":{"line":190,"column":6},"end":{"line":190,"column":40}},"120":{"start":{"line":192,"column":4},"end":{"line":192,"column":40}},"121":{"start":{"line":193,"column":4},"end":{"line":193,"column":74}},"122":{"start":{"line":193,"column":49},"end":{"line":193,"column":52}},"123":{"start":{"line":193,"column":59},"end":{"line":193,"column":62}},"124":{"start":{"line":194,"column":4},"end":{"line":221,"column":16}},"125":{"start":{"line":194,"column":57},"end":{"line":194,"column":125}},"126":{"start":{"line":194,"column":58},"end":{"line":194,"column":106}},"127":{"start":{"line":196,"column":6},"end":{"line":201,"column":43}},"128":{"start":{"line":197,"column":8},"end":{"line":197,"column":15}},"129":{"start":{"line":198,"column":8},"end":{"line":198,"column":43}},"130":{"start":{"line":199,"column":8},"end":{"line":199,"column":67}},"131":{"start":{"line":201,"column":8},"end":{"line":201,"column":43}},"132":{"start":{"line":202,"column":8},"end":{"line":202,"column":76}},"133":{"start":{"line":203,"column":9},"end":{"line":221,"column":16}},"134":{"start":{"line":203,"column":56},"end":{"line":203,"column":130}},"135":{"start":{"line":205,"column":6},"end":{"line":205,"column":13}},"136":{"start":{"line":206,"column":6},"end":{"line":206,"column":42}},"137":{"start":{"line":207,"column":6},"end":{"line":207,"column":34}},"138":{"start":{"line":208,"column":6},"end":{"line":208,"column":28}},"139":{"start":{"line":209,"column":6},"end":{"line":209,"column":60}},"140":{"start":{"line":210,"column":6},"end":{"line":210,"column":34}},"141":{"start":{"line":211,"column":6},"end":{"line":211,"column":29}},"142":{"start":{"line":212,"column":6},"end":{"line":212,"column":41}},"143":{"start":{"line":213,"column":6},"end":{"line":213,"column":65}},"144":{"start":{"line":216,"column":6},"end":{"line":221,"column":16}},"145":{"start":{"line":217,"column":8},"end":{"line":221,"column":16}},"146":{"start":{"line":218,"column":10},"end":{"line":221,"column":16}},"147":{"start":{"line":218,"column":14},"end":{"line":218,"column":70}},"148":{"start":{"line":219,"column":12},"end":{"line":219,"column":40}},"149":{"start":{"line":220,"column":12},"end":{"line":220,"column":34}},"150":{"start":{"line":221,"column":12},"end":{"line":221,"column":16}},"151":{"start":{"line":224,"column":6},"end":{"line":224,"column":46}},"152":{"start":{"line":225,"column":6},"end":{"line":225,"column":42}},"153":{"start":{"line":227,"column":6},"end":{"line":228,"column":53}},"154":{"start":{"line":228,"column":8},"end":{"line":228,"column":53}},"155":{"start":{"line":231,"column":6},"end":{"line":231,"column":41}},"156":{"start":{"line":232,"column":6},"end":{"line":232,"column":64}},"157":{"start":{"line":234,"column":6},"end":{"line":235,"column":36}},"158":{"start":{"line":235,"column":8},"end":{"line":235,"column":36}},"159":{"start":{"line":237,"column":6},"end":{"line":237,"column":40}},"160":{"start":{"line":238,"column":6},"end":{"line":238,"column":37}},"161":{"start":{"line":240,"column":4},"end":{"line":240,"column":35}},"162":{"start":{"line":242,"column":4},"end":{"line":242,"column":11}},"163":{"start":{"line":245,"column":4},"end":{"line":259,"column":75}},"164":{"start":{"line":246,"column":33},"end":{"line":246,"column":61}},"165":{"start":{"line":247,"column":33},"end":{"line":247,"column":61}},"166":{"start":{"line":248,"column":33},"end":{"line":248,"column":61}},"167":{"start":{"line":249,"column":33},"end":{"line":249,"column":61}},"168":{"start":{"line":250,"column":33},"end":{"line":250,"column":61}},"169":{"start":{"line":251,"column":47},"end":{"line":251,"column":89}},"170":{"start":{"line":252,"column":33},"end":{"line":252,"column":34}},"171":{"start":{"line":253,"column":37},"end":{"line":253,"column":69}},"172":{"start":{"line":254,"column":37},"end":{"line":254,"column":69}},"173":{"start":{"line":255,"column":46},"end":{"line":255,"column":78}},"174":{"start":{"line":256,"column":46},"end":{"line":256,"column":78}},"175":{"start":{"line":257,"column":46},"end":{"line":257,"column":78}},"176":{"start":{"line":258,"column":46},"end":{"line":258,"column":78}},"177":{"start":{"line":259,"column":11},"end":{"line":259,"column":75}},"178":{"start":{"line":262,"column":4},"end":{"line":262,"column":34}},"179":{"start":{"line":263,"column":4},"end":{"line":263,"column":38}},"180":{"start":{"line":264,"column":4},"end":{"line":264,"column":43}},"181":{"start":{"line":265,"column":4},"end":{"line":265,"column":40}},"182":{"start":{"line":266,"column":4},"end":{"line":266,"column":19}},"183":{"start":{"line":267,"column":4},"end":{"line":267,"column":38}},"184":{"start":{"line":267,"column":4},"end":{"line":267,"column":24}},"185":{"start":{"line":268,"column":4},"end":{"line":268,"column":39}},"186":{"start":{"line":269,"column":4},"end":{"line":269,"column":39}},"187":{"start":{"line":270,"column":4},"end":{"line":270,"column":38}},"188":{"start":{"line":271,"column":4},"end":{"line":271,"column":35}},"189":{"start":{"line":272,"column":4},"end":{"line":272,"column":35}},"190":{"start":{"line":274,"column":4},"end":{"line":274,"column":11}},"191":{"start":{"line":277,"column":4},"end":{"line":277,"column":34}},"192":{"start":{"line":278,"column":4},"end":{"line":278,"column":38}},"193":{"start":{"line":279,"column":4},"end":{"line":279,"column":36}},"194":{"start":{"line":280,"column":4},"end":{"line":280,"column":40}},"195":{"start":{"line":281,"column":4},"end":{"line":281,"column":18}},"196":{"start":{"line":282,"column":4},"end":{"line":282,"column":39}},"197":{"start":{"line":283,"column":4},"end":{"line":283,"column":38}},"198":{"start":{"line":284,"column":4},"end":{"line":284,"column":35}},"199":{"start":{"line":285,"column":4},"end":{"line":285,"column":35}},"200":{"start":{"line":287,"column":4},"end":{"line":287,"column":11}},"201":{"start":{"line":290,"column":4},"end":{"line":290,"column":34}},"202":{"start":{"line":291,"column":4},"end":{"line":291,"column":38}},"203":{"start":{"line":292,"column":4},"end":{"line":292,"column":36}},"204":{"start":{"line":293,"column":4},"end":{"line":293,"column":40}},"205":{"start":{"line":294,"column":4},"end":{"line":294,"column":18}},"206":{"start":{"line":295,"column":4},"end":{"line":295,"column":39}},"207":{"start":{"line":296,"column":4},"end":{"line":296,"column":38}},"208":{"start":{"line":297,"column":4},"end":{"line":297,"column":35}},"209":{"start":{"line":298,"column":4},"end":{"line":298,"column":35}},"210":{"start":{"line":300,"column":4},"end":{"line":300,"column":11}},"211":{"start":{"line":303,"column":4},"end":{"line":303,"column":34}},"212":{"start":{"line":304,"column":4},"end":{"line":304,"column":38}},"213":{"start":{"line":305,"column":4},"end":{"line":305,"column":50}},"214":{"start":{"line":306,"column":4},"end":{"line":306,"column":40}},"215":{"start":{"line":307,"column":4},"end":{"line":307,"column":84}},"216":{"start":{"line":308,"column":4},"end":{"line":308,"column":74}},"217":{"start":{"line":308,"column":4},"end":{"line":308,"column":35}},"218":{"start":{"line":309,"column":4},"end":{"line":309,"column":59}},"219":{"start":{"line":309,"column":4},"end":{"line":309,"column":38}},"220":{"start":{"line":310,"column":4},"end":{"line":310,"column":39}},"221":{"start":{"line":311,"column":4},"end":{"line":311,"column":71}},"222":{"start":{"line":312,"column":4},"end":{"line":312,"column":35}},"223":{"start":{"line":313,"column":4},"end":{"line":313,"column":35}},"224":{"start":{"line":315,"column":4},"end":{"line":315,"column":11}},"225":{"start":{"line":318,"column":4},"end":{"line":318,"column":34}},"226":{"start":{"line":319,"column":4},"end":{"line":319,"column":38}},"227":{"start":{"line":320,"column":4},"end":{"line":320,"column":50}},"228":{"start":{"line":321,"column":4},"end":{"line":321,"column":40}},"229":{"start":{"line":322,"column":4},"end":{"line":322,"column":42}},"230":{"start":{"line":323,"column":4},"end":{"line":323,"column":39}},"231":{"start":{"line":324,"column":4},"end":{"line":324,"column":71}},"232":{"start":{"line":325,"column":4},"end":{"line":325,"column":35}},"233":{"start":{"line":326,"column":4},"end":{"line":326,"column":35}},"234":{"start":{"line":328,"column":4},"end":{"line":328,"column":11}},"235":{"start":{"line":331,"column":4},"end":{"line":331,"column":34}},"236":{"start":{"line":332,"column":4},"end":{"line":332,"column":38}},"237":{"start":{"line":333,"column":4},"end":{"line":333,"column":49}},"238":{"start":{"line":334,"column":4},"end":{"line":334,"column":40}},"239":{"start":{"line":335,"column":4},"end":{"line":335,"column":23}},"240":{"start":{"line":335,"column":4},"end":{"line":335,"column":12}},"241":{"start":{"line":336,"column":4},"end":{"line":336,"column":23}},"242":{"start":{"line":337,"column":4},"end":{"line":343,"column":42}},"243":{"start":{"line":338,"column":6},"end":{"line":338,"column":33}},"244":{"start":{"line":340,"column":6},"end":{"line":343,"column":42}},"245":{"start":{"line":341,"column":8},"end":{"line":341,"column":63}},"246":{"start":{"line":342,"column":11},"end":{"line":343,"column":42}},"247":{"start":{"line":343,"column":8},"end":{"line":343,"column":42}},"248":{"start":{"line":344,"column":6},"end":{"line":344,"column":46}},"249":{"start":{"line":344,"column":6},"end":{"line":344,"column":32}},"250":{"start":{"line":345,"column":4},"end":{"line":345,"column":39}},"251":{"start":{"line":346,"column":4},"end":{"line":346,"column":71}},"252":{"start":{"line":347,"column":4},"end":{"line":347,"column":35}},"253":{"start":{"line":348,"column":4},"end":{"line":348,"column":35}},"254":{"start":{"line":350,"column":4},"end":{"line":350,"column":11}},"255":{"start":{"line":353,"column":4},"end":{"line":353,"column":34}},"256":{"start":{"line":354,"column":4},"end":{"line":354,"column":38}},"257":{"start":{"line":355,"column":4},"end":{"line":355,"column":51}},"258":{"start":{"line":356,"column":4},"end":{"line":356,"column":40}},"259":{"start":{"line":357,"column":4},"end":{"line":357,"column":23}},"260":{"start":{"line":358,"column":4},"end":{"line":363,"column":40}},"261":{"start":{"line":359,"column":6},"end":{"line":359,"column":61}},"262":{"start":{"line":360,"column":9},"end":{"line":363,"column":40}},"263":{"start":{"line":361,"column":6},"end":{"line":361,"column":40}},"264":{"start":{"line":362,"column":9},"end":{"line":363,"column":40}},"265":{"start":{"line":363,"column":6},"end":{"line":363,"column":40}},"266":{"start":{"line":364,"column":4},"end":{"line":364,"column":39}},"267":{"start":{"line":365,"column":4},"end":{"line":365,"column":71}},"268":{"start":{"line":366,"column":4},"end":{"line":366,"column":35}},"269":{"start":{"line":367,"column":4},"end":{"line":367,"column":35}},"270":{"start":{"line":369,"column":4},"end":{"line":369,"column":11}}},"branchMap":{"1":{"line":61,"loc":{"start":{"line":61,"column":4},"end":{"line":61,"column":4}},"type":"if","locations":[{"start":{"line":61,"column":4},"end":{"line":61,"column":4}},{"start":{"line":61,"column":4},"end":{"line":61,"column":4}}]},"2":{"line":76,"loc":{"start":{"line":76,"column":4},"end":{"line":76,"column":4}},"type":"if","locations":[{"start":{"line":76,"column":4},"end":{"line":76,"column":4}},{"start":{"line":76,"column":4},"end":{"line":76,"column":4}}]},"3":{"line":78,"loc":{"start":{"line":78,"column":9},"end":{"line":78,"column":9}},"type":"if","locations":[{"start":{"line":78,"column":9},"end":{"line":78,"column":9}},{"start":{"line":78,"column":9},"end":{"line":78,"column":9}}]},"4":{"line":80,"loc":{"start":{"line":80,"column":6},"end":{"line":80,"column":6}},"type":"if","locations":[{"start":{"line":80,"column":6},"end":{"line":80,"column":6}},{"start":{"line":80,"column":6},"end":{"line":80,"column":6}}]},"5":{"line":91,"loc":{"start":{"line":91,"column":4},"end":{"line":91,"column":4}},"type":"if","locations":[{"start":{"line":91,"column":4},"end":{"line":91,"column":4}},{"start":{"line":91,"column":4},"end":{"line":91,"column":4}}]},"6":{"line":134,"loc":{"start":{"line":134,"column":4},"end":{"line":134,"column":4}},"type":"if","locations":[{"start":{"line":134,"column":4},"end":{"line":134,"column":4}},{"start":{"line":134,"column":4},"end":{"line":134,"column":4}}]},"7":{"line":135,"loc":{"start":{"line":135,"column":4},"end":{"line":135,"column":4}},"type":"if","locations":[{"start":{"line":135,"column":4},"end":{"line":135,"column":4}},{"start":{"line":135,"column":4},"end":{"line":135,"column":4}}]},"8":{"line":153,"loc":{"start":{"line":153,"column":4},"end":{"line":153,"column":4}},"type":"if","locations":[{"start":{"line":153,"column":4},"end":{"line":153,"column":4}},{"start":{"line":153,"column":4},"end":{"line":153,"column":4}}]},"9":{"line":155,"loc":{"start":{"line":155,"column":9},"end":{"line":155,"column":9}},"type":"if","locations":[{"start":{"line":155,"column":9},"end":{"line":155,"column":9}},{"start":{"line":155,"column":9},"end":{"line":155,"column":9}}]},"10":{"line":159,"loc":{"start":{"line":159,"column":4},"end":{"line":159,"column":4}},"type":"if","locations":[{"start":{"line":159,"column":4},"end":{"line":159,"column":4}},{"start":{"line":159,"column":4},"end":{"line":159,"column":4}}]},"11":{"line":193,"loc":{"start":{"line":193,"column":21},"end":{"line":193,"column":21}},"type":"if","locations":[{"start":{"line":193,"column":21},"end":{"line":193,"column":21}},{"start":{"line":193,"column":21},"end":{"line":193,"column":21}}]},"12":{"line":194,"loc":{"start":{"line":194,"column":4},"end":{"line":194,"column":4}},"type":"if","locations":[{"start":{"line":194,"column":4},"end":{"line":194,"column":4}},{"start":{"line":194,"column":4},"end":{"line":194,"column":4}}]},"13":{"line":196,"loc":{"start":{"line":196,"column":6},"end":{"line":196,"column":6}},"type":"if","locations":[{"start":{"line":196,"column":6},"end":{"line":196,"column":6}},{"start":{"line":196,"column":6},"end":{"line":196,"column":6}}]},"14":{"line":203,"loc":{"start":{"line":203,"column":9},"end":{"line":203,"column":9}},"type":"if","locations":[{"start":{"line":203,"column":9},"end":{"line":203,"column":9}},{"start":{"line":203,"column":9},"end":{"line":203,"column":9}}]},"15":{"line":216,"loc":{"start":{"line":216,"column":6},"end":{"line":216,"column":6}},"type":"if","locations":[{"start":{"line":216,"column":6},"end":{"line":216,"column":6}},{"start":{"line":216,"column":6},"end":{"line":216,"column":6}}]},"16":{"line":218,"loc":{"start":{"line":218,"column":10},"end":{"line":218,"column":10}},"type":"if","locations":[{"start":{"line":218,"column":10},"end":{"line":218,"column":10}},{"start":{"line":218,"column":10},"end":{"line":218,"column":10}}]},"17":{"line":234,"loc":{"start":{"line":234,"column":6},"end":{"line":234,"column":6}},"type":"if","locations":[{"start":{"line":234,"column":6},"end":{"line":234,"column":6}},{"start":{"line":234,"column":6},"end":{"line":234,"column":6}}]},"18":{"line":245,"loc":{"start":{"line":245,"column":4},"end":{"line":259,"column":75}},"type":"switch","locations":[{"start":{"line":246,"column":6},"end":{"line":246,"column":61}},{"start":{"line":247,"column":6},"end":{"line":247,"column":61}},{"start":{"line":248,"column":6},"end":{"line":248,"column":61}},{"start":{"line":249,"column":6},"end":{"line":249,"column":61}},{"start":{"line":250,"column":6},"end":{"line":250,"column":61}},{"start":{"line":251,"column":6},"end":{"line":251,"column":89}},{"start":{"line":252,"column":6},"end":{"line":252,"column":34}},{"start":{"line":253,"column":6},"end":{"line":253,"column":69}},{"start":{"line":254,"column":6},"end":{"line":254,"column":69}},{"start":{"line":255,"column":6},"end":{"line":255,"column":78}},{"start":{"line":256,"column":6},"end":{"line":256,"column":78}},{"start":{"line":257,"column":6},"end":{"line":257,"column":78}},{"start":{"line":258,"column":6},"end":{"line":258,"column":78}},{"start":{"line":259,"column":11},"end":{"line":259,"column":75}}]},"19":{"line":267,"loc":{"start":{"line":267,"column":4},"end":{"line":267,"column":4}},"type":"if","locations":[{"start":{"line":267,"column":4},"end":{"line":267,"column":4}},{"start":{"line":267,"column":4},"end":{"line":267,"column":4}}]},"20":{"line":308,"loc":{"start":{"line":308,"column":4},"end":{"line":308,"column":4}},"type":"if","locations":[{"start":{"line":308,"column":4},"end":{"line":308,"column":4}},{"start":{"line":308,"column":4},"end":{"line":308,"column":4}}]},"21":{"line":309,"loc":{"start":{"line":309,"column":4},"end":{"line":309,"column":4}},"type":"if","locations":[{"start":{"line":309,"column":4},"end":{"line":309,"column":4}},{"start":{"line":309,"column":4},"end":{"line":309,"column":4}}]},"22":{"line":335,"loc":{"start":{"line":335,"column":4},"end":{"line":335,"column":4}},"type":"if","locations":[{"start":{"line":335,"column":4},"end":{"line":335,"column":4}},{"start":{"line":335,"column":4},"end":{"line":335,"column":4}}]},"23":{"line":337,"loc":{"start":{"line":337,"column":4},"end":{"line":337,"column":4}},"type":"if","locations":[{"start":{"line":337,"column":4},"end":{"line":337,"column":4}},{"start":{"line":337,"column":4},"end":{"line":337,"column":4}}]},"24":{"line":340,"loc":{"start":{"line":340,"column":6},"end":{"line":340,"column":6}},"type":"if","locations":[{"start":{"line":340,"column":6},"end":{"line":340,"column":6}},{"start":{"line":340,"column":6},"end":{"line":340,"column":6}}]},"25":{"line":342,"loc":{"start":{"line":342,"column":11},"end":{"line":342,"column":11}},"type":"if","locations":[{"start":{"line":342,"column":11},"end":{"line":342,"column":11}},{"start":{"line":342,"column":11},"end":{"line":342,"column":11}}]},"26":{"line":344,"loc":{"start":{"line":344,"column":6},"end":{"line":344,"column":6}},"type":"if","locations":[{"start":{"line":344,"column":6},"end":{"line":344,"column":6}},{"start":{"line":344,"column":6},"end":{"line":344,"column":6}}]},"27":{"line":358,"loc":{"start":{"line":358,"column":4},"end":{"line":358,"column":4}},"type":"if","locations":[{"start":{"line":358,"column":4},"end":{"line":358,"column":4}},{"start":{"line":358,"column":4},"end":{"line":358,"column":4}}]},"28":{"line":360,"loc":{"start":{"line":360,"column":9},"end":{"line":360,"column":9}},"type":"if","locations":[{"start":{"line":360,"column":9},"end":{"line":360,"column":9}},{"start":{"line":360,"column":9},"end":{"line":360,"column":9}}]},"29":{"line":362,"loc":{"start":{"line":362,"column":9},"end":{"line":362,"column":9}},"type":"if","locations":[{"start":{"line":362,"column":9},"end":{"line":362,"column":9}},{"start":{"line":362,"column":9},"end":{"line":362,"column":9}}]}},"contentHash":"60723a3882b0e4430c1f1f6406a087a344224b7122929b14377925d465cff4af"}}